2017-08-16 14:51:18,969 [Thread-4:6760] [django.request:135] [exception:handle_uncaught_exception] [ERROR]- Internal Server Error: /
Traceback (most recent call last):
  File "C:\Anaconda3\envs\web\lib\site-packages\django\core\handlers\exception.py", line 41, in inner
    response = get_response(request)
  File "C:\Anaconda3\envs\web\lib\site-packages\django\core\handlers\base.py", line 187, in _get_response
    response = self.process_exception_by_middleware(e, request)
  File "C:\Anaconda3\envs\web\lib\site-packages\django\core\handlers\base.py", line 185, in _get_response
    response = wrapped_callback(request, *callback_args, **callback_kwargs)
  File "F:\Django\study\blog\views.py", line 18, in index
    send_mail('subject', 'message', 'chenjobin@163.com', ['923869988@qq.com'],fail_silently=False)
  File "C:\Anaconda3\envs\web\lib\site-packages\django\core\mail\__init__.py", line 62, in send_mail
    return mail.send()
  File "C:\Anaconda3\envs\web\lib\site-packages\django\core\mail\message.py", line 348, in send
    return self.get_connection(fail_silently).send_messages([self])
  File "C:\Anaconda3\envs\web\lib\site-packages\django\core\mail\backends\smtp.py", line 111, in send_messages
    sent = self._send(message)
  File "C:\Anaconda3\envs\web\lib\site-packages\django\core\mail\backends\smtp.py", line 127, in _send
    self.connection.sendmail(from_email, recipients, message.as_bytes(linesep='\r\n'))
  File "C:\Anaconda3\envs\web\lib\smtplib.py", line 867, in sendmail
    raise SMTPSenderRefused(code, resp, from_addr)
smtplib.SMTPSenderRefused: (501, b'mail from address must be same as authorization user', 'chenjobin@163.com')
2017-08-16 14:51:21,330 [Thread-6:636] [django.request:135] [exception:handle_uncaught_exception] [ERROR]- Internal Server Error: /
Traceback (most recent call last):
  File "C:\Anaconda3\envs\web\lib\site-packages\django\core\handlers\exception.py", line 41, in inner
    response = get_response(request)
  File "C:\Anaconda3\envs\web\lib\site-packages\django\core\handlers\base.py", line 187, in _get_response
    response = self.process_exception_by_middleware(e, request)
  File "C:\Anaconda3\envs\web\lib\site-packages\django\core\handlers\base.py", line 185, in _get_response
    response = wrapped_callback(request, *callback_args, **callback_kwargs)
  File "F:\Django\study\blog\views.py", line 18, in index
    send_mail('subject', 'message', 'chenjobin@163.com', ['923869988@qq.com'],fail_silently=False)
  File "C:\Anaconda3\envs\web\lib\site-packages\django\core\mail\__init__.py", line 62, in send_mail
    return mail.send()
  File "C:\Anaconda3\envs\web\lib\site-packages\django\core\mail\message.py", line 348, in send
    return self.get_connection(fail_silently).send_messages([self])
  File "C:\Anaconda3\envs\web\lib\site-packages\django\core\mail\backends\smtp.py", line 111, in send_messages
    sent = self._send(message)
  File "C:\Anaconda3\envs\web\lib\site-packages\django\core\mail\backends\smtp.py", line 127, in _send
    self.connection.sendmail(from_email, recipients, message.as_bytes(linesep='\r\n'))
  File "C:\Anaconda3\envs\web\lib\smtplib.py", line 867, in sendmail
    raise SMTPSenderRefused(code, resp, from_addr)
smtplib.SMTPSenderRefused: (501, b'mail from address must be same as authorization user', 'chenjobin@163.com')
2017-08-16 14:51:26,159 [Thread-7:5696] [django.request:135] [exception:handle_uncaught_exception] [ERROR]- Internal Server Error: /
Traceback (most recent call last):
  File "C:\Anaconda3\envs\web\lib\site-packages\django\core\handlers\exception.py", line 41, in inner
    response = get_response(request)
  File "C:\Anaconda3\envs\web\lib\site-packages\django\core\handlers\base.py", line 187, in _get_response
    response = self.process_exception_by_middleware(e, request)
  File "C:\Anaconda3\envs\web\lib\site-packages\django\core\handlers\base.py", line 185, in _get_response
    response = wrapped_callback(request, *callback_args, **callback_kwargs)
  File "F:\Django\study\blog\views.py", line 18, in index
    send_mail('subject', 'message', 'chenjobin@163.com', ['923869988@qq.com'],fail_silently=False)
  File "C:\Anaconda3\envs\web\lib\site-packages\django\core\mail\__init__.py", line 62, in send_mail
    return mail.send()
  File "C:\Anaconda3\envs\web\lib\site-packages\django\core\mail\message.py", line 348, in send
    return self.get_connection(fail_silently).send_messages([self])
  File "C:\Anaconda3\envs\web\lib\site-packages\django\core\mail\backends\smtp.py", line 111, in send_messages
    sent = self._send(message)
  File "C:\Anaconda3\envs\web\lib\site-packages\django\core\mail\backends\smtp.py", line 127, in _send
    self.connection.sendmail(from_email, recipients, message.as_bytes(linesep='\r\n'))
  File "C:\Anaconda3\envs\web\lib\smtplib.py", line 867, in sendmail
    raise SMTPSenderRefused(code, resp, from_addr)
smtplib.SMTPSenderRefused: (501, b'mail from address must be same as authorization user', 'chenjobin@163.com')
2017-08-17 15:02:05,299 [Thread-12:11100] [django.request:135] [exception:handle_uncaught_exception] [ERROR]- Internal Server Error: /users/register/
Traceback (most recent call last):
  File "C:\Anaconda3\envs\web\lib\site-packages\django\core\handlers\exception.py", line 41, in inner
    response = get_response(request)
  File "C:\Anaconda3\envs\web\lib\site-packages\django\core\handlers\base.py", line 187, in _get_response
    response = self.process_exception_by_middleware(e, request)
  File "C:\Anaconda3\envs\web\lib\site-packages\django\core\handlers\base.py", line 185, in _get_response
    response = wrapped_callback(request, *callback_args, **callback_kwargs)
  File "F:\Django\study\users\views.py", line 23, in register
    if form.is_valid():
  File "C:\Anaconda3\envs\web\lib\site-packages\django\forms\forms.py", line 183, in is_valid
    return self.is_bound and not self.errors
  File "C:\Anaconda3\envs\web\lib\site-packages\django\forms\forms.py", line 175, in errors
    self.full_clean()
  File "C:\Anaconda3\envs\web\lib\site-packages\django\forms\forms.py", line 385, in full_clean
    self._clean_form()
  File "C:\Anaconda3\envs\web\lib\site-packages\django\forms\forms.py", line 412, in _clean_form
    cleaned_data = self.clean()
  File "F:\Django\study\users\forms.py", line 19, in clean
    elif self.cleaned_data['password2'] != self.cleaned_data['password']:
KeyError: 'password'
2017-08-17 15:06:28,125 [Thread-11:9444] [django.request:135] [exception:handle_uncaught_exception] [ERROR]- Internal Server Error: /users/register/
Traceback (most recent call last):
  File "C:\Anaconda3\envs\web\lib\site-packages\django\core\handlers\exception.py", line 41, in inner
    response = get_response(request)
  File "C:\Anaconda3\envs\web\lib\site-packages\django\core\handlers\base.py", line 187, in _get_response
    response = self.process_exception_by_middleware(e, request)
  File "C:\Anaconda3\envs\web\lib\site-packages\django\core\handlers\base.py", line 185, in _get_response
    response = wrapped_callback(request, *callback_args, **callback_kwargs)
  File "F:\Django\study\users\views.py", line 27, in register
    email=request['email'])
TypeError: 'WSGIRequest' object is not subscriptable
2017-08-17 15:08:25,942 [Thread-41:5244] [django.request:135] [exception:handle_uncaught_exception] [ERROR]- Internal Server Error: /users/register/
Traceback (most recent call last):
  File "C:\Anaconda3\envs\web\lib\site-packages\django\core\handlers\exception.py", line 41, in inner
    response = get_response(request)
  File "C:\Anaconda3\envs\web\lib\site-packages\django\core\handlers\base.py", line 187, in _get_response
    response = self.process_exception_by_middleware(e, request)
  File "C:\Anaconda3\envs\web\lib\site-packages\django\core\handlers\base.py", line 185, in _get_response
    response = wrapped_callback(request, *callback_args, **callback_kwargs)
  File "F:\Django\study\users\views.py", line 27, in register
    email=request['email'])
TypeError: 'WSGIRequest' object is not subscriptable
2017-08-17 15:17:12,064 [Thread-8:11880] [django.request:135] [exception:handle_uncaught_exception] [ERROR]- Internal Server Error: /users/register/
Traceback (most recent call last):
  File "C:\Anaconda3\envs\web\lib\site-packages\django\core\handlers\exception.py", line 41, in inner
    response = get_response(request)
  File "C:\Anaconda3\envs\web\lib\site-packages\django\core\handlers\base.py", line 187, in _get_response
    response = self.process_exception_by_middleware(e, request)
  File "C:\Anaconda3\envs\web\lib\site-packages\django\core\handlers\base.py", line 185, in _get_response
    response = wrapped_callback(request, *callback_args, **callback_kwargs)
  File "F:\Django\study\users\views.py", line 26, in register
    password = form.cleaned_data['password']
KeyError: 'password'
2017-08-17 15:34:29,669 [Thread-6:6540] [django.request:135] [exception:handle_uncaught_exception] [ERROR]- Internal Server Error: /users/register/
Traceback (most recent call last):
  File "C:\Anaconda3\envs\web\lib\site-packages\django\core\handlers\exception.py", line 41, in inner
    response = get_response(request)
  File "C:\Anaconda3\envs\web\lib\site-packages\django\core\handlers\base.py", line 187, in _get_response
    response = self.process_exception_by_middleware(e, request)
  File "C:\Anaconda3\envs\web\lib\site-packages\django\core\handlers\base.py", line 185, in _get_response
    response = wrapped_callback(request, *callback_args, **callback_kwargs)
  File "F:\Django\study\users\views.py", line 38, in register
    send_active_email(email,active_code)
  File "F:\Django\study\users\views.py", line 58, in send_active_email
    url='http://127.0.0.1%s' % (reverse('user_active',args=(active_code,)))
  File "C:\Anaconda3\envs\web\lib\site-packages\django\urls\base.py", line 91, in reverse
    return force_text(iri_to_uri(resolver._reverse_with_prefix(view, prefix, *args, **kwargs)))
  File "C:\Anaconda3\envs\web\lib\site-packages\django\urls\resolvers.py", line 497, in _reverse_with_prefix
    raise NoReverseMatch(msg)
django.urls.exceptions.NoReverseMatch: Reverse for 'user_active' not found. 'user_active' is not a valid view function or pattern name.
2017-08-17 15:38:13,476 [Thread-3:3276] [django.request:135] [exception:handle_uncaught_exception] [ERROR]- Internal Server Error: /users/register/
Traceback (most recent call last):
  File "C:\Anaconda3\envs\web\lib\site-packages\django\core\handlers\exception.py", line 41, in inner
    response = get_response(request)
  File "C:\Anaconda3\envs\web\lib\site-packages\django\core\handlers\base.py", line 187, in _get_response
    response = self.process_exception_by_middleware(e, request)
  File "C:\Anaconda3\envs\web\lib\site-packages\django\core\handlers\base.py", line 185, in _get_response
    response = wrapped_callback(request, *callback_args, **callback_kwargs)
  File "F:\Django\study\users\views.py", line 32, in register
    new_user = User.objects.create_user(username, email, password,is_active)
TypeError: create_user() takes from 2 to 4 positional arguments but 5 were given
2017-08-17 15:40:25,676 [Thread-2:6392] [django.request:135] [exception:handle_uncaught_exception] [ERROR]- Internal Server Error: /users/register/
Traceback (most recent call last):
  File "C:\Anaconda3\envs\web\lib\site-packages\django\core\handlers\exception.py", line 41, in inner
    response = get_response(request)
  File "C:\Anaconda3\envs\web\lib\site-packages\django\core\handlers\base.py", line 187, in _get_response
    response = self.process_exception_by_middleware(e, request)
  File "C:\Anaconda3\envs\web\lib\site-packages\django\core\handlers\base.py", line 185, in _get_response
    response = wrapped_callback(request, *callback_args, **callback_kwargs)
  File "F:\Django\study\users\views.py", line 32, in register
    new_user = User.objects.create_user(username, email, password,is_active)
TypeError: create_user() takes from 2 to 4 positional arguments but 5 were given
2017-08-17 15:42:28,261 [Thread-2:11640] [django.request:135] [exception:handle_uncaught_exception] [ERROR]- Internal Server Error: /users/register/
Traceback (most recent call last):
  File "C:\Anaconda3\envs\web\lib\site-packages\django\core\handlers\exception.py", line 41, in inner
    response = get_response(request)
  File "C:\Anaconda3\envs\web\lib\site-packages\django\core\handlers\base.py", line 187, in _get_response
    response = self.process_exception_by_middleware(e, request)
  File "C:\Anaconda3\envs\web\lib\site-packages\django\core\handlers\base.py", line 185, in _get_response
    response = wrapped_callback(request, *callback_args, **callback_kwargs)
  File "F:\Django\study\users\views.py", line 39, in register
    send_active_email(email,active_code)
  File "F:\Django\study\users\views.py", line 59, in send_active_email
    url='http://127.0.0.1%s' % (reverse('user_active',args=(active_code,)))
  File "C:\Anaconda3\envs\web\lib\site-packages\django\urls\base.py", line 91, in reverse
    return force_text(iri_to_uri(resolver._reverse_with_prefix(view, prefix, *args, **kwargs)))
  File "C:\Anaconda3\envs\web\lib\site-packages\django\urls\resolvers.py", line 497, in _reverse_with_prefix
    raise NoReverseMatch(msg)
django.urls.exceptions.NoReverseMatch: Reverse for 'user_active' not found. 'user_active' is not a valid view function or pattern name.
2017-08-17 15:46:04,574 [Thread-4:4844] [django.request:135] [exception:handle_uncaught_exception] [ERROR]- Internal Server Error: /users/register/
Traceback (most recent call last):
  File "C:\Anaconda3\envs\web\lib\site-packages\django\core\handlers\exception.py", line 41, in inner
    response = get_response(request)
  File "C:\Anaconda3\envs\web\lib\site-packages\django\core\handlers\base.py", line 187, in _get_response
    response = self.process_exception_by_middleware(e, request)
  File "C:\Anaconda3\envs\web\lib\site-packages\django\core\handlers\base.py", line 185, in _get_response
    response = wrapped_callback(request, *callback_args, **callback_kwargs)
  File "F:\Django\study\users\views.py", line 39, in register
    send_active_email(email,active_code)
  File "F:\Django\study\users\views.py", line 59, in send_active_email
    url='http://127.0.0.1%s' % (reverse('user_active',args=(active_code,)))
  File "C:\Anaconda3\envs\web\lib\site-packages\django\urls\base.py", line 91, in reverse
    return force_text(iri_to_uri(resolver._reverse_with_prefix(view, prefix, *args, **kwargs)))
  File "C:\Anaconda3\envs\web\lib\site-packages\django\urls\resolvers.py", line 497, in _reverse_with_prefix
    raise NoReverseMatch(msg)
django.urls.exceptions.NoReverseMatch: Reverse for 'user_active' not found. 'user_active' is not a valid view function or pattern name.
2017-08-17 15:47:27,407 [Thread-3:3412] [django.request:135] [exception:handle_uncaught_exception] [ERROR]- Internal Server Error: /users/register/
Traceback (most recent call last):
  File "C:\Anaconda3\envs\web\lib\site-packages\django\core\handlers\exception.py", line 41, in inner
    response = get_response(request)
  File "C:\Anaconda3\envs\web\lib\site-packages\django\core\handlers\base.py", line 187, in _get_response
    response = self.process_exception_by_middleware(e, request)
  File "C:\Anaconda3\envs\web\lib\site-packages\django\core\handlers\base.py", line 185, in _get_response
    response = wrapped_callback(request, *callback_args, **callback_kwargs)
  File "F:\Django\study\users\views.py", line 39, in register
    send_active_email(email,active_code)
  File "F:\Django\study\users\views.py", line 59, in send_active_email
    url='http://127.0.0.1%s' % (reverse('user_active',args=(active_code,)))
  File "C:\Anaconda3\envs\web\lib\site-packages\django\urls\base.py", line 91, in reverse
    return force_text(iri_to_uri(resolver._reverse_with_prefix(view, prefix, *args, **kwargs)))
  File "C:\Anaconda3\envs\web\lib\site-packages\django\urls\resolvers.py", line 497, in _reverse_with_prefix
    raise NoReverseMatch(msg)
django.urls.exceptions.NoReverseMatch: Reverse for 'user_active' not found. 'user_active' is not a valid view function or pattern name.
2017-08-17 15:49:56,732 [Thread-2:11312] [django.request:135] [exception:handle_uncaught_exception] [ERROR]- Internal Server Error: /users/register/
Traceback (most recent call last):
  File "C:\Anaconda3\envs\web\lib\site-packages\django\core\handlers\exception.py", line 41, in inner
    response = get_response(request)
  File "C:\Anaconda3\envs\web\lib\site-packages\django\core\handlers\base.py", line 187, in _get_response
    response = self.process_exception_by_middleware(e, request)
  File "C:\Anaconda3\envs\web\lib\site-packages\django\core\handlers\base.py", line 185, in _get_response
    response = wrapped_callback(request, *callback_args, **callback_kwargs)
  File "F:\Django\study\users\views.py", line 44, in register
    login(request,authenticated_user)
  File "C:\Anaconda3\envs\web\lib\site-packages\django\contrib\auth\__init__.py", line 154, in login
    request.session[SESSION_KEY] = user._meta.pk.value_to_string(user)
  File "C:\Anaconda3\envs\web\lib\site-packages\django\utils\functional.py", line 239, in inner
    return func(self._wrapped, *args)
AttributeError: 'AnonymousUser' object has no attribute '_meta'
2017-08-17 16:23:46,622 [Thread-26:10796] [django.request:135] [exception:handle_uncaught_exception] [ERROR]- Internal Server Error: /users/register/
Traceback (most recent call last):
  File "C:\Anaconda3\envs\web\lib\site-packages\django\core\handlers\exception.py", line 41, in inner
    response = get_response(request)
  File "C:\Anaconda3\envs\web\lib\site-packages\django\core\handlers\base.py", line 187, in _get_response
    response = self.process_exception_by_middleware(e, request)
  File "C:\Anaconda3\envs\web\lib\site-packages\django\core\handlers\base.py", line 185, in _get_response
    response = wrapped_callback(request, *callback_args, **callback_kwargs)
  File "F:\Django\study\users\views.py", line 46, in register
    response_data['success'] = '注册成功,请前往邮箱激活后登录'
NameError: name 'response_data' is not defined
2017-08-18 10:49:08,646 [Thread-3:2776] [django.request:135] [exception:handle_uncaught_exception] [ERROR]- Internal Server Error: /detail_entry/28/
Traceback (most recent call last):
  File "C:\Anaconda3\envs\web1\lib\site-packages\django\core\handlers\exception.py", line 41, in inner
    response = get_response(request)
  File "C:\Anaconda3\envs\web1\lib\site-packages\django\core\handlers\base.py", line 187, in _get_response
    response = self.process_exception_by_middleware(e, request)
  File "C:\Anaconda3\envs\web1\lib\site-packages\django\core\handlers\base.py", line 185, in _get_response
    response = wrapped_callback(request, *callback_args, **callback_kwargs)
  File "F:\Django\study\blog\views.py", line 157, in detail_entry
    return render(request,'blog/detail_entry.html',context)
  File "C:\Anaconda3\envs\web1\lib\site-packages\django\shortcuts.py", line 30, in render
    content = loader.render_to_string(template_name, context, request, using=using)
  File "C:\Anaconda3\envs\web1\lib\site-packages\django\template\loader.py", line 68, in render_to_string
    return template.render(context, request)
  File "C:\Anaconda3\envs\web1\lib\site-packages\django\template\backends\django.py", line 66, in render
    return self.template.render(context)
  File "C:\Anaconda3\envs\web1\lib\site-packages\django\template\base.py", line 207, in render
    return self._render(context)
  File "C:\Anaconda3\envs\web1\lib\site-packages\django\template\base.py", line 199, in _render
    return self.nodelist.render(context)
  File "C:\Anaconda3\envs\web1\lib\site-packages\django\template\base.py", line 990, in render
    bit = node.render_annotated(context)
  File "C:\Anaconda3\envs\web1\lib\site-packages\django\template\base.py", line 957, in render_annotated
    return self.render(context)
  File "C:\Anaconda3\envs\web1\lib\site-packages\django\template\loader_tags.py", line 177, in render
    return compiled_parent._render(context)
  File "C:\Anaconda3\envs\web1\lib\site-packages\django\template\base.py", line 199, in _render
    return self.nodelist.render(context)
  File "C:\Anaconda3\envs\web1\lib\site-packages\django\template\base.py", line 990, in render
    bit = node.render_annotated(context)
  File "C:\Anaconda3\envs\web1\lib\site-packages\django\template\base.py", line 957, in render_annotated
    return self.render(context)
  File "C:\Anaconda3\envs\web1\lib\site-packages\django\template\loader_tags.py", line 72, in render
    result = block.nodelist.render(context)
  File "C:\Anaconda3\envs\web1\lib\site-packages\django\template\base.py", line 990, in render
    bit = node.render_annotated(context)
  File "C:\Anaconda3\envs\web1\lib\site-packages\django\template\base.py", line 957, in render_annotated
    return self.render(context)
  File "C:\Anaconda3\envs\web1\lib\site-packages\django\template\defaulttags.py", line 458, in render
    url = reverse(view_name, args=args, kwargs=kwargs, current_app=current_app)
  File "C:\Anaconda3\envs\web1\lib\site-packages\django\urls\base.py", line 91, in reverse
    return force_text(iri_to_uri(resolver._reverse_with_prefix(view, prefix, *args, **kwargs)))
  File "C:\Anaconda3\envs\web1\lib\site-packages\django\urls\resolvers.py", line 497, in _reverse_with_prefix
    raise NoReverseMatch(msg)
django.urls.exceptions.NoReverseMatch: Reverse for 'detailblog' not found. 'detailblog' is not a valid view function or pattern name.
2017-08-18 10:50:24,836 [Thread-4:12160] [django.request:135] [exception:handle_uncaught_exception] [ERROR]- Internal Server Error: /detail_entry/28/
Traceback (most recent call last):
  File "C:\Anaconda3\envs\web1\lib\site-packages\django\core\handlers\exception.py", line 41, in inner
    response = get_response(request)
  File "C:\Anaconda3\envs\web1\lib\site-packages\django\core\handlers\base.py", line 187, in _get_response
    response = self.process_exception_by_middleware(e, request)
  File "C:\Anaconda3\envs\web1\lib\site-packages\django\core\handlers\base.py", line 185, in _get_response
    response = wrapped_callback(request, *callback_args, **callback_kwargs)
  File "F:\Django\study\blog\views.py", line 157, in detail_entry
    return render(request,'blog/detail_entry.html',context)
  File "C:\Anaconda3\envs\web1\lib\site-packages\django\shortcuts.py", line 30, in render
    content = loader.render_to_string(template_name, context, request, using=using)
  File "C:\Anaconda3\envs\web1\lib\site-packages\django\template\loader.py", line 68, in render_to_string
    return template.render(context, request)
  File "C:\Anaconda3\envs\web1\lib\site-packages\django\template\backends\django.py", line 66, in render
    return self.template.render(context)
  File "C:\Anaconda3\envs\web1\lib\site-packages\django\template\base.py", line 207, in render
    return self._render(context)
  File "C:\Anaconda3\envs\web1\lib\site-packages\django\template\base.py", line 199, in _render
    return self.nodelist.render(context)
  File "C:\Anaconda3\envs\web1\lib\site-packages\django\template\base.py", line 990, in render
    bit = node.render_annotated(context)
  File "C:\Anaconda3\envs\web1\lib\site-packages\django\template\base.py", line 957, in render_annotated
    return self.render(context)
  File "C:\Anaconda3\envs\web1\lib\site-packages\django\template\loader_tags.py", line 177, in render
    return compiled_parent._render(context)
  File "C:\Anaconda3\envs\web1\lib\site-packages\django\template\base.py", line 199, in _render
    return self.nodelist.render(context)
  File "C:\Anaconda3\envs\web1\lib\site-packages\django\template\base.py", line 990, in render
    bit = node.render_annotated(context)
  File "C:\Anaconda3\envs\web1\lib\site-packages\django\template\base.py", line 957, in render_annotated
    return self.render(context)
  File "C:\Anaconda3\envs\web1\lib\site-packages\django\template\loader_tags.py", line 72, in render
    result = block.nodelist.render(context)
  File "C:\Anaconda3\envs\web1\lib\site-packages\django\template\base.py", line 990, in render
    bit = node.render_annotated(context)
  File "C:\Anaconda3\envs\web1\lib\site-packages\django\template\base.py", line 957, in render_annotated
    return self.render(context)
  File "C:\Anaconda3\envs\web1\lib\site-packages\django\template\defaulttags.py", line 458, in render
    url = reverse(view_name, args=args, kwargs=kwargs, current_app=current_app)
  File "C:\Anaconda3\envs\web1\lib\site-packages\django\urls\base.py", line 91, in reverse
    return force_text(iri_to_uri(resolver._reverse_with_prefix(view, prefix, *args, **kwargs)))
  File "C:\Anaconda3\envs\web1\lib\site-packages\django\urls\resolvers.py", line 497, in _reverse_with_prefix
    raise NoReverseMatch(msg)
django.urls.exceptions.NoReverseMatch: Reverse for 'detailblog' not found. 'detailblog' is not a valid view function or pattern name.
2017-08-18 10:50:30,938 [Thread-8:5916] [django.request:135] [exception:handle_uncaught_exception] [ERROR]- Internal Server Error: /detail_entry/28/
Traceback (most recent call last):
  File "C:\Anaconda3\envs\web1\lib\site-packages\django\core\handlers\exception.py", line 41, in inner
    response = get_response(request)
  File "C:\Anaconda3\envs\web1\lib\site-packages\django\core\handlers\base.py", line 187, in _get_response
    response = self.process_exception_by_middleware(e, request)
  File "C:\Anaconda3\envs\web1\lib\site-packages\django\core\handlers\base.py", line 185, in _get_response
    response = wrapped_callback(request, *callback_args, **callback_kwargs)
  File "F:\Django\study\blog\views.py", line 157, in detail_entry
    return render(request,'blog/detail_entry.html',context)
  File "C:\Anaconda3\envs\web1\lib\site-packages\django\shortcuts.py", line 30, in render
    content = loader.render_to_string(template_name, context, request, using=using)
  File "C:\Anaconda3\envs\web1\lib\site-packages\django\template\loader.py", line 68, in render_to_string
    return template.render(context, request)
  File "C:\Anaconda3\envs\web1\lib\site-packages\django\template\backends\django.py", line 66, in render
    return self.template.render(context)
  File "C:\Anaconda3\envs\web1\lib\site-packages\django\template\base.py", line 207, in render
    return self._render(context)
  File "C:\Anaconda3\envs\web1\lib\site-packages\django\template\base.py", line 199, in _render
    return self.nodelist.render(context)
  File "C:\Anaconda3\envs\web1\lib\site-packages\django\template\base.py", line 990, in render
    bit = node.render_annotated(context)
  File "C:\Anaconda3\envs\web1\lib\site-packages\django\template\base.py", line 957, in render_annotated
    return self.render(context)
  File "C:\Anaconda3\envs\web1\lib\site-packages\django\template\loader_tags.py", line 177, in render
    return compiled_parent._render(context)
  File "C:\Anaconda3\envs\web1\lib\site-packages\django\template\base.py", line 199, in _render
    return self.nodelist.render(context)
  File "C:\Anaconda3\envs\web1\lib\site-packages\django\template\base.py", line 990, in render
    bit = node.render_annotated(context)
  File "C:\Anaconda3\envs\web1\lib\site-packages\django\template\base.py", line 957, in render_annotated
    return self.render(context)
  File "C:\Anaconda3\envs\web1\lib\site-packages\django\template\loader_tags.py", line 72, in render
    result = block.nodelist.render(context)
  File "C:\Anaconda3\envs\web1\lib\site-packages\django\template\base.py", line 990, in render
    bit = node.render_annotated(context)
  File "C:\Anaconda3\envs\web1\lib\site-packages\django\template\base.py", line 957, in render_annotated
    return self.render(context)
  File "C:\Anaconda3\envs\web1\lib\site-packages\django\template\defaulttags.py", line 458, in render
    url = reverse(view_name, args=args, kwargs=kwargs, current_app=current_app)
  File "C:\Anaconda3\envs\web1\lib\site-packages\django\urls\base.py", line 91, in reverse
    return force_text(iri_to_uri(resolver._reverse_with_prefix(view, prefix, *args, **kwargs)))
  File "C:\Anaconda3\envs\web1\lib\site-packages\django\urls\resolvers.py", line 497, in _reverse_with_prefix
    raise NoReverseMatch(msg)
django.urls.exceptions.NoReverseMatch: Reverse for 'detailblog' not found. 'detailblog' is not a valid view function or pattern name.
2017-08-19 21:08:28,898 [Thread-6:15352] [django.request:135] [exception:handle_uncaught_exception] [ERROR]- Internal Server Error: /users/user_info
Traceback (most recent call last):
  File "C:\Anaconda3\envs\web1\lib\site-packages\django\core\handlers\exception.py", line 41, in inner
    response = get_response(request)
  File "C:\Anaconda3\envs\web1\lib\site-packages\django\core\handlers\base.py", line 187, in _get_response
    response = self.process_exception_by_middleware(e, request)
  File "C:\Anaconda3\envs\web1\lib\site-packages\django\core\handlers\base.py", line 185, in _get_response
    response = wrapped_callback(request, *callback_args, **callback_kwargs)
  File "F:\Django\study\users\views.py", line 170, in user_info
    data['comments_count'] = comments_count.get_comments_count(user.id)
  File "F:\Django\study\my_plug\comments_count.py", line 5, in get_comments_count
    comments=Comment.objects.filter(root_id=0).get(user_id=user_id)
  File "C:\Anaconda3\envs\web1\lib\site-packages\django\db\models\manager.py", line 190, in __get__
    cls._meta.object_name,
AttributeError: Manager isn't available; CommentAbstractModel is abstract
2017-08-19 21:11:28,986 [Thread-9:6804] [django.request:135] [exception:handle_uncaught_exception] [ERROR]- Internal Server Error: /users/user_info
Traceback (most recent call last):
  File "C:\Anaconda3\envs\web1\lib\site-packages\django\core\handlers\exception.py", line 41, in inner
    response = get_response(request)
  File "C:\Anaconda3\envs\web1\lib\site-packages\django\core\handlers\base.py", line 187, in _get_response
    response = self.process_exception_by_middleware(e, request)
  File "C:\Anaconda3\envs\web1\lib\site-packages\django\core\handlers\base.py", line 185, in _get_response
    response = wrapped_callback(request, *callback_args, **callback_kwargs)
  File "F:\Django\study\users\views.py", line 170, in user_info
    data['comments_count'] = comments_count.get_comments_count(user.id)
  File "F:\Django\study\my_plug\comments_count.py", line 5, in get_comments_count
    comments=Comment.objects.filter(root_id=0).get(user_id=user_id)
  File "C:\Anaconda3\envs\web1\lib\site-packages\django\db\models\manager.py", line 190, in __get__
    cls._meta.object_name,
AttributeError: Manager isn't available; CommentAbstractModel is abstract
2017-08-19 21:35:21,076 [Thread-2:8336] [django.request:135] [exception:handle_uncaught_exception] [ERROR]- Internal Server Error: /users/user_info
Traceback (most recent call last):
  File "C:\Anaconda3\envs\web1\lib\site-packages\django\db\backends\utils.py", line 65, in execute
    return self.cursor.execute(sql, params)
  File "C:\Anaconda3\envs\web1\lib\site-packages\django\db\backends\sqlite3\base.py", line 328, in execute
    return Database.Cursor.execute(self, query, params)
sqlite3.OperationalError: no such table: blog_blog

The above exception was the direct cause of the following exception:

Traceback (most recent call last):
  File "C:\Anaconda3\envs\web1\lib\site-packages\django\core\handlers\exception.py", line 41, in inner
    response = get_response(request)
  File "C:\Anaconda3\envs\web1\lib\site-packages\django\core\handlers\base.py", line 187, in _get_response
    response = self.process_exception_by_middleware(e, request)
  File "C:\Anaconda3\envs\web1\lib\site-packages\django\core\handlers\base.py", line 185, in _get_response
    response = wrapped_callback(request, *callback_args, **callback_kwargs)
  File "F:\Django\study\users\views.py", line 174, in user_info
    data['all_talk_about'] = comments_count.all_talk_about(user.id)
  File "F:\Django\study\my_plug\comments_count.py", line 88, in all_talk_about
    blogs=list(Entry.objects.raw(sql))   #raw_query对象是一个生成器
  File "C:\Anaconda3\envs\web1\lib\site-packages\django\db\models\query.py", line 1233, in __iter__
    query = iter(self.query)
  File "C:\Anaconda3\envs\web1\lib\site-packages\django\db\models\sql\query.py", line 80, in __iter__
    self._execute_query()
  File "C:\Anaconda3\envs\web1\lib\site-packages\django\db\models\sql\query.py", line 114, in _execute_query
    self.cursor.execute(self.sql, params)
  File "C:\Anaconda3\envs\web1\lib\site-packages\django\db\backends\utils.py", line 80, in execute
    return super(CursorDebugWrapper, self).execute(sql, params)
  File "C:\Anaconda3\envs\web1\lib\site-packages\django\db\backends\utils.py", line 65, in execute
    return self.cursor.execute(sql, params)
  File "C:\Anaconda3\envs\web1\lib\site-packages\django\db\utils.py", line 94, in __exit__
    six.reraise(dj_exc_type, dj_exc_value, traceback)
  File "C:\Anaconda3\envs\web1\lib\site-packages\django\utils\six.py", line 685, in reraise
    raise value.with_traceback(tb)
  File "C:\Anaconda3\envs\web1\lib\site-packages\django\db\backends\utils.py", line 65, in execute
    return self.cursor.execute(sql, params)
  File "C:\Anaconda3\envs\web1\lib\site-packages\django\db\backends\sqlite3\base.py", line 328, in execute
    return Database.Cursor.execute(self, query, params)
django.db.utils.OperationalError: no such table: blog_blog
2017-08-20 10:44:29,724 [Thread-4:3328] [django.request:135] [exception:handle_uncaught_exception] [ERROR]- Internal Server Error: /users/nickname_change
Traceback (most recent call last):
  File "C:\Anaconda3\envs\web1\lib\site-packages\django\core\handlers\exception.py", line 41, in inner
    response = get_response(request)
  File "C:\Anaconda3\envs\web1\lib\site-packages\django\core\handlers\base.py", line 187, in _get_response
    response = self.process_exception_by_middleware(e, request)
  File "C:\Anaconda3\envs\web1\lib\site-packages\django\core\handlers\base.py", line 185, in _get_response
    response = wrapped_callback(request, *callback_args, **callback_kwargs)
  File "F:\Django\study\users\views.py", line 195, in wrapper
    return func(request)
  File "F:\Django\study\users\views.py", line 230, in nickname_change
    return render(request, 'nickname_change.html', data)
  File "C:\Anaconda3\envs\web1\lib\site-packages\django\shortcuts.py", line 30, in render
    content = loader.render_to_string(template_name, context, request, using=using)
  File "C:\Anaconda3\envs\web1\lib\site-packages\django\template\loader.py", line 67, in render_to_string
    template = get_template(template_name, using=using)
  File "C:\Anaconda3\envs\web1\lib\site-packages\django\template\loader.py", line 25, in get_template
    raise TemplateDoesNotExist(template_name, chain=chain)
django.template.exceptions.TemplateDoesNotExist: nickname_change.html
2017-08-20 10:47:57,487 [Thread-7:13376] [django.request:135] [exception:handle_uncaught_exception] [ERROR]- Internal Server Error: /users/nickname_change
Traceback (most recent call last):
  File "C:\Anaconda3\envs\web1\lib\site-packages\django\core\handlers\exception.py", line 41, in inner
    response = get_response(request)
  File "C:\Anaconda3\envs\web1\lib\site-packages\django\core\handlers\base.py", line 187, in _get_response
    response = self.process_exception_by_middleware(e, request)
  File "C:\Anaconda3\envs\web1\lib\site-packages\django\core\handlers\base.py", line 185, in _get_response
    response = wrapped_callback(request, *callback_args, **callback_kwargs)
  File "F:\Django\study\users\views.py", line 195, in wrapper
    return func(request)
  File "F:\Django\study\users\views.py", line 216, in nickname_change
    data['goto_url'] = reverse('user_info')
  File "C:\Anaconda3\envs\web1\lib\site-packages\django\urls\base.py", line 91, in reverse
    return force_text(iri_to_uri(resolver._reverse_with_prefix(view, prefix, *args, **kwargs)))
  File "C:\Anaconda3\envs\web1\lib\site-packages\django\urls\resolvers.py", line 497, in _reverse_with_prefix
    raise NoReverseMatch(msg)
django.urls.exceptions.NoReverseMatch: Reverse for 'user_info' not found. 'user_info' is not a valid view function or pattern name.
2017-08-20 11:14:17,231 [Thread-2:4508] [django.request:135] [exception:handle_uncaught_exception] [ERROR]- Internal Server Error: /users/register/
Traceback (most recent call last):
  File "C:\Anaconda3\envs\web1\lib\site-packages\django\core\handlers\exception.py", line 41, in inner
    response = get_response(request)
  File "C:\Anaconda3\envs\web1\lib\site-packages\django\core\handlers\base.py", line 187, in _get_response
    response = self.process_exception_by_middleware(e, request)
  File "C:\Anaconda3\envs\web1\lib\site-packages\django\core\handlers\base.py", line 185, in _get_response
    response = wrapped_callback(request, *callback_args, **callback_kwargs)
  File "F:\Django\study\users\views.py", line 54, in register
    return JsonResponse(response_data,ensure_ascii = False)
  File "C:\Anaconda3\envs\web1\lib\site-packages\django\http\response.py", line 531, in __init__
    super(JsonResponse, self).__init__(content=data, **kwargs)
  File "C:\Anaconda3\envs\web1\lib\site-packages\django\http\response.py", line 301, in __init__
    super(HttpResponse, self).__init__(*args, **kwargs)
TypeError: __init__() got an unexpected keyword argument 'ensure_ascii'
2017-08-20 13:43:30,471 [Thread-7:13648] [django.request:135] [exception:handle_uncaught_exception] [ERROR]- Internal Server Error: /users/password_change
Traceback (most recent call last):
  File "C:\Anaconda3\envs\web1\lib\site-packages\django\core\handlers\exception.py", line 41, in inner
    response = get_response(request)
  File "C:\Anaconda3\envs\web1\lib\site-packages\django\core\handlers\base.py", line 187, in _get_response
    response = self.process_exception_by_middleware(e, request)
  File "C:\Anaconda3\envs\web1\lib\site-packages\django\core\handlers\base.py", line 185, in _get_response
    response = wrapped_callback(request, *callback_args, **callback_kwargs)
  File "F:\Django\study\users\views.py", line 202, in wrapper
    return func(request)
  File "F:\Django\study\users\views.py", line 273, in password_change
    return render(request, 'users/password_change$.html', data)
  File "C:\Anaconda3\envs\web1\lib\site-packages\django\shortcuts.py", line 30, in render
    content = loader.render_to_string(template_name, context, request, using=using)
  File "C:\Anaconda3\envs\web1\lib\site-packages\django\template\loader.py", line 67, in render_to_string
    template = get_template(template_name, using=using)
  File "C:\Anaconda3\envs\web1\lib\site-packages\django\template\loader.py", line 25, in get_template
    raise TemplateDoesNotExist(template_name, chain=chain)
django.template.exceptions.TemplateDoesNotExist: users/password_change$.html
2017-08-20 13:44:13,390 [Thread-5:13304] [django.request:135] [exception:handle_uncaught_exception] [ERROR]- Internal Server Error: /users/password_change
Traceback (most recent call last):
  File "C:\Anaconda3\envs\web1\lib\site-packages\django\core\handlers\exception.py", line 41, in inner
    response = get_response(request)
  File "C:\Anaconda3\envs\web1\lib\site-packages\django\core\handlers\base.py", line 187, in _get_response
    response = self.process_exception_by_middleware(e, request)
  File "C:\Anaconda3\envs\web1\lib\site-packages\django\core\handlers\base.py", line 185, in _get_response
    response = wrapped_callback(request, *callback_args, **callback_kwargs)
  File "F:\Django\study\users\views.py", line 202, in wrapper
    return func(request)
  File "F:\Django\study\users\views.py", line 263, in password_change
    data['goto_url'] = reverse('user_info')
  File "C:\Anaconda3\envs\web1\lib\site-packages\django\urls\base.py", line 91, in reverse
    return force_text(iri_to_uri(resolver._reverse_with_prefix(view, prefix, *args, **kwargs)))
  File "C:\Anaconda3\envs\web1\lib\site-packages\django\urls\resolvers.py", line 497, in _reverse_with_prefix
    raise NoReverseMatch(msg)
django.urls.exceptions.NoReverseMatch: Reverse for 'user_info' not found. 'user_info' is not a valid view function or pattern name.
2017-08-20 14:13:42,583 [Thread-4:10252] [django.request:135] [exception:handle_uncaught_exception] [ERROR]- Internal Server Error: /users/logout/
Traceback (most recent call last):
  File "C:\Anaconda3\envs\web1\lib\site-packages\django\core\handlers\exception.py", line 41, in inner
    response = get_response(request)
  File "C:\Anaconda3\envs\web1\lib\site-packages\django\core\handlers\base.py", line 187, in _get_response
    response = self.process_exception_by_middleware(e, request)
  File "C:\Anaconda3\envs\web1\lib\site-packages\django\core\handlers\base.py", line 185, in _get_response
    response = wrapped_callback(request, *callback_args, **callback_kwargs)
  File "F:\Django\study\users\views.py", line 20, in logout_view
    redirect_to = request.get('next', request.GET.get('next', ''))
AttributeError: 'WSGIRequest' object has no attribute 'get'
2017-08-20 14:13:44,334 [Thread-5:10316] [django.request:135] [exception:handle_uncaught_exception] [ERROR]- Internal Server Error: /users/logout/
Traceback (most recent call last):
  File "C:\Anaconda3\envs\web1\lib\site-packages\django\core\handlers\exception.py", line 41, in inner
    response = get_response(request)
  File "C:\Anaconda3\envs\web1\lib\site-packages\django\core\handlers\base.py", line 187, in _get_response
    response = self.process_exception_by_middleware(e, request)
  File "C:\Anaconda3\envs\web1\lib\site-packages\django\core\handlers\base.py", line 185, in _get_response
    response = wrapped_callback(request, *callback_args, **callback_kwargs)
  File "F:\Django\study\users\views.py", line 20, in logout_view
    redirect_to = request.get('next', request.GET.get('next', ''))
AttributeError: 'WSGIRequest' object has no attribute 'get'
2017-08-20 14:13:45,144 [Thread-6:10644] [django.request:135] [exception:handle_uncaught_exception] [ERROR]- Internal Server Error: /users/logout/
Traceback (most recent call last):
  File "C:\Anaconda3\envs\web1\lib\site-packages\django\core\handlers\exception.py", line 41, in inner
    response = get_response(request)
  File "C:\Anaconda3\envs\web1\lib\site-packages\django\core\handlers\base.py", line 187, in _get_response
    response = self.process_exception_by_middleware(e, request)
  File "C:\Anaconda3\envs\web1\lib\site-packages\django\core\handlers\base.py", line 185, in _get_response
    response = wrapped_callback(request, *callback_args, **callback_kwargs)
  File "F:\Django\study\users\views.py", line 20, in logout_view
    redirect_to = request.get('next', request.GET.get('next', ''))
AttributeError: 'WSGIRequest' object has no attribute 'get'
2017-08-20 14:13:58,264 [Thread-11:14216] [django.request:135] [exception:handle_uncaught_exception] [ERROR]- Internal Server Error: /users/logout/
Traceback (most recent call last):
  File "C:\Anaconda3\envs\web1\lib\site-packages\django\core\handlers\exception.py", line 41, in inner
    response = get_response(request)
  File "C:\Anaconda3\envs\web1\lib\site-packages\django\core\handlers\base.py", line 187, in _get_response
    response = self.process_exception_by_middleware(e, request)
  File "C:\Anaconda3\envs\web1\lib\site-packages\django\core\handlers\base.py", line 185, in _get_response
    response = wrapped_callback(request, *callback_args, **callback_kwargs)
  File "F:\Django\study\users\views.py", line 20, in logout_view
    redirect_to = request.get('next', request.GET.get('next', ''))
AttributeError: 'WSGIRequest' object has no attribute 'get'
2017-08-20 14:13:59,358 [Thread-12:13432] [django.request:135] [exception:handle_uncaught_exception] [ERROR]- Internal Server Error: /users/logout/
Traceback (most recent call last):
  File "C:\Anaconda3\envs\web1\lib\site-packages\django\core\handlers\exception.py", line 41, in inner
    response = get_response(request)
  File "C:\Anaconda3\envs\web1\lib\site-packages\django\core\handlers\base.py", line 187, in _get_response
    response = self.process_exception_by_middleware(e, request)
  File "C:\Anaconda3\envs\web1\lib\site-packages\django\core\handlers\base.py", line 185, in _get_response
    response = wrapped_callback(request, *callback_args, **callback_kwargs)
  File "F:\Django\study\users\views.py", line 20, in logout_view
    redirect_to = request.get('next', request.GET.get('next', ''))
AttributeError: 'WSGIRequest' object has no attribute 'get'
2017-08-20 14:18:29,822 [Thread-6:14168] [django.request:135] [exception:handle_uncaught_exception] [ERROR]- Internal Server Error: /users/logout/
Traceback (most recent call last):
  File "C:\Anaconda3\envs\web1\lib\site-packages\django\core\handlers\exception.py", line 41, in inner
    response = get_response(request)
  File "C:\Anaconda3\envs\web1\lib\site-packages\django\core\handlers\base.py", line 187, in _get_response
    response = self.process_exception_by_middleware(e, request)
  File "C:\Anaconda3\envs\web1\lib\site-packages\django\core\handlers\base.py", line 185, in _get_response
    response = wrapped_callback(request, *callback_args, **callback_kwargs)
  File "F:\Django\study\users\views.py", line 23, in logout_view
    return HttpResponseRedirect(reverse('redirect_to'))
  File "C:\Anaconda3\envs\web1\lib\site-packages\django\urls\base.py", line 91, in reverse
    return force_text(iri_to_uri(resolver._reverse_with_prefix(view, prefix, *args, **kwargs)))
  File "C:\Anaconda3\envs\web1\lib\site-packages\django\urls\resolvers.py", line 497, in _reverse_with_prefix
    raise NoReverseMatch(msg)
django.urls.exceptions.NoReverseMatch: Reverse for 'redirect_to' not found. 'redirect_to' is not a valid view function or pattern name.
2017-08-20 14:18:31,850 [Thread-7:15200] [django.request:135] [exception:handle_uncaught_exception] [ERROR]- Internal Server Error: /users/logout/
Traceback (most recent call last):
  File "C:\Anaconda3\envs\web1\lib\site-packages\django\core\handlers\exception.py", line 41, in inner
    response = get_response(request)
  File "C:\Anaconda3\envs\web1\lib\site-packages\django\core\handlers\base.py", line 187, in _get_response
    response = self.process_exception_by_middleware(e, request)
  File "C:\Anaconda3\envs\web1\lib\site-packages\django\core\handlers\base.py", line 185, in _get_response
    response = wrapped_callback(request, *callback_args, **callback_kwargs)
  File "F:\Django\study\users\views.py", line 23, in logout_view
    return HttpResponseRedirect(reverse('redirect_to'))
  File "C:\Anaconda3\envs\web1\lib\site-packages\django\urls\base.py", line 91, in reverse
    return force_text(iri_to_uri(resolver._reverse_with_prefix(view, prefix, *args, **kwargs)))
  File "C:\Anaconda3\envs\web1\lib\site-packages\django\urls\resolvers.py", line 497, in _reverse_with_prefix
    raise NoReverseMatch(msg)
django.urls.exceptions.NoReverseMatch: Reverse for 'redirect_to' not found. 'redirect_to' is not a valid view function or pattern name.
2017-08-20 15:14:28,372 [Thread-3:13060] [django.request:135] [exception:handle_uncaught_exception] [ERROR]- Internal Server Error: /
Traceback (most recent call last):
  File "C:\Anaconda3\envs\web1\lib\site-packages\django\core\handlers\exception.py", line 41, in inner
    response = get_response(request)
  File "C:\Anaconda3\envs\web1\lib\site-packages\django\core\handlers\base.py", line 187, in _get_response
    response = self.process_exception_by_middleware(e, request)
  File "C:\Anaconda3\envs\web1\lib\site-packages\django\core\handlers\base.py", line 185, in _get_response
    response = wrapped_callback(request, *callback_args, **callback_kwargs)
  File "F:\Django\study\blog\views.py", line 18, in index
    return render(request,'blog/index.html',context)
  File "C:\Anaconda3\envs\web1\lib\site-packages\django\shortcuts.py", line 30, in render
    content = loader.render_to_string(template_name, context, request, using=using)
  File "C:\Anaconda3\envs\web1\lib\site-packages\django\template\loader.py", line 68, in render_to_string
    return template.render(context, request)
  File "C:\Anaconda3\envs\web1\lib\site-packages\django\template\backends\django.py", line 66, in render
    return self.template.render(context)
  File "C:\Anaconda3\envs\web1\lib\site-packages\django\template\base.py", line 207, in render
    return self._render(context)
  File "C:\Anaconda3\envs\web1\lib\site-packages\django\template\base.py", line 199, in _render
    return self.nodelist.render(context)
  File "C:\Anaconda3\envs\web1\lib\site-packages\django\template\base.py", line 990, in render
    bit = node.render_annotated(context)
  File "C:\Anaconda3\envs\web1\lib\site-packages\django\template\base.py", line 957, in render_annotated
    return self.render(context)
  File "C:\Anaconda3\envs\web1\lib\site-packages\django\template\loader_tags.py", line 177, in render
    return compiled_parent._render(context)
  File "C:\Anaconda3\envs\web1\lib\site-packages\django\template\base.py", line 199, in _render
    return self.nodelist.render(context)
  File "C:\Anaconda3\envs\web1\lib\site-packages\django\template\base.py", line 990, in render
    bit = node.render_annotated(context)
  File "C:\Anaconda3\envs\web1\lib\site-packages\django\template\base.py", line 957, in render_annotated
    return self.render(context)
  File "C:\Anaconda3\envs\web1\lib\site-packages\django\template\defaulttags.py", line 322, in render
    return nodelist.render(context)
  File "C:\Anaconda3\envs\web1\lib\site-packages\django\template\base.py", line 990, in render
    bit = node.render_annotated(context)
  File "C:\Anaconda3\envs\web1\lib\site-packages\django\template\base.py", line 957, in render_annotated
    return self.render(context)
  File "C:\Anaconda3\envs\web1\lib\site-packages\django\template\defaulttags.py", line 458, in render
    url = reverse(view_name, args=args, kwargs=kwargs, current_app=current_app)
  File "C:\Anaconda3\envs\web1\lib\site-packages\django\urls\base.py", line 91, in reverse
    return force_text(iri_to_uri(resolver._reverse_with_prefix(view, prefix, *args, **kwargs)))
  File "C:\Anaconda3\envs\web1\lib\site-packages\django\urls\resolvers.py", line 436, in _reverse_with_prefix
    self._populate()
  File "C:\Anaconda3\envs\web1\lib\site-packages\django\urls\resolvers.py", line 309, in _populate
    dict(defaults, **pattern.default_kwargs),
TypeError: 'function' object is not iterable
2017-08-20 15:14:28,647 [Thread-5:8212] [django.request:135] [exception:handle_uncaught_exception] [ERROR]- Internal Server Error: /
Traceback (most recent call last):
  File "C:\Anaconda3\envs\web1\lib\site-packages\django\core\handlers\exception.py", line 41, in inner
    response = get_response(request)
  File "C:\Anaconda3\envs\web1\lib\site-packages\django\core\handlers\base.py", line 187, in _get_response
    response = self.process_exception_by_middleware(e, request)
  File "C:\Anaconda3\envs\web1\lib\site-packages\django\core\handlers\base.py", line 185, in _get_response
    response = wrapped_callback(request, *callback_args, **callback_kwargs)
  File "F:\Django\study\blog\views.py", line 18, in index
    return render(request,'blog/index.html',context)
  File "C:\Anaconda3\envs\web1\lib\site-packages\django\shortcuts.py", line 30, in render
    content = loader.render_to_string(template_name, context, request, using=using)
  File "C:\Anaconda3\envs\web1\lib\site-packages\django\template\loader.py", line 68, in render_to_string
    return template.render(context, request)
  File "C:\Anaconda3\envs\web1\lib\site-packages\django\template\backends\django.py", line 66, in render
    return self.template.render(context)
  File "C:\Anaconda3\envs\web1\lib\site-packages\django\template\base.py", line 207, in render
    return self._render(context)
  File "C:\Anaconda3\envs\web1\lib\site-packages\django\template\base.py", line 199, in _render
    return self.nodelist.render(context)
  File "C:\Anaconda3\envs\web1\lib\site-packages\django\template\base.py", line 990, in render
    bit = node.render_annotated(context)
  File "C:\Anaconda3\envs\web1\lib\site-packages\django\template\base.py", line 957, in render_annotated
    return self.render(context)
  File "C:\Anaconda3\envs\web1\lib\site-packages\django\template\loader_tags.py", line 177, in render
    return compiled_parent._render(context)
  File "C:\Anaconda3\envs\web1\lib\site-packages\django\template\base.py", line 199, in _render
    return self.nodelist.render(context)
  File "C:\Anaconda3\envs\web1\lib\site-packages\django\template\base.py", line 990, in render
    bit = node.render_annotated(context)
  File "C:\Anaconda3\envs\web1\lib\site-packages\django\template\base.py", line 957, in render_annotated
    return self.render(context)
  File "C:\Anaconda3\envs\web1\lib\site-packages\django\template\defaulttags.py", line 322, in render
    return nodelist.render(context)
  File "C:\Anaconda3\envs\web1\lib\site-packages\django\template\base.py", line 990, in render
    bit = node.render_annotated(context)
  File "C:\Anaconda3\envs\web1\lib\site-packages\django\template\base.py", line 957, in render_annotated
    return self.render(context)
  File "C:\Anaconda3\envs\web1\lib\site-packages\django\template\defaulttags.py", line 458, in render
    url = reverse(view_name, args=args, kwargs=kwargs, current_app=current_app)
  File "C:\Anaconda3\envs\web1\lib\site-packages\django\urls\base.py", line 91, in reverse
    return force_text(iri_to_uri(resolver._reverse_with_prefix(view, prefix, *args, **kwargs)))
  File "C:\Anaconda3\envs\web1\lib\site-packages\django\urls\resolvers.py", line 436, in _reverse_with_prefix
    self._populate()
  File "C:\Anaconda3\envs\web1\lib\site-packages\django\urls\resolvers.py", line 309, in _populate
    dict(defaults, **pattern.default_kwargs),
TypeError: 'function' object is not iterable
2017-08-20 15:14:29,836 [Thread-7:10396] [django.request:135] [exception:handle_uncaught_exception] [ERROR]- Internal Server Error: /
Traceback (most recent call last):
  File "C:\Anaconda3\envs\web1\lib\site-packages\django\core\handlers\exception.py", line 41, in inner
    response = get_response(request)
  File "C:\Anaconda3\envs\web1\lib\site-packages\django\core\handlers\base.py", line 187, in _get_response
    response = self.process_exception_by_middleware(e, request)
  File "C:\Anaconda3\envs\web1\lib\site-packages\django\core\handlers\base.py", line 185, in _get_response
    response = wrapped_callback(request, *callback_args, **callback_kwargs)
  File "F:\Django\study\blog\views.py", line 18, in index
    return render(request,'blog/index.html',context)
  File "C:\Anaconda3\envs\web1\lib\site-packages\django\shortcuts.py", line 30, in render
    content = loader.render_to_string(template_name, context, request, using=using)
  File "C:\Anaconda3\envs\web1\lib\site-packages\django\template\loader.py", line 68, in render_to_string
    return template.render(context, request)
  File "C:\Anaconda3\envs\web1\lib\site-packages\django\template\backends\django.py", line 66, in render
    return self.template.render(context)
  File "C:\Anaconda3\envs\web1\lib\site-packages\django\template\base.py", line 207, in render
    return self._render(context)
  File "C:\Anaconda3\envs\web1\lib\site-packages\django\template\base.py", line 199, in _render
    return self.nodelist.render(context)
  File "C:\Anaconda3\envs\web1\lib\site-packages\django\template\base.py", line 990, in render
    bit = node.render_annotated(context)
  File "C:\Anaconda3\envs\web1\lib\site-packages\django\template\base.py", line 957, in render_annotated
    return self.render(context)
  File "C:\Anaconda3\envs\web1\lib\site-packages\django\template\loader_tags.py", line 177, in render
    return compiled_parent._render(context)
  File "C:\Anaconda3\envs\web1\lib\site-packages\django\template\base.py", line 199, in _render
    return self.nodelist.render(context)
  File "C:\Anaconda3\envs\web1\lib\site-packages\django\template\base.py", line 990, in render
    bit = node.render_annotated(context)
  File "C:\Anaconda3\envs\web1\lib\site-packages\django\template\base.py", line 957, in render_annotated
    return self.render(context)
  File "C:\Anaconda3\envs\web1\lib\site-packages\django\template\defaulttags.py", line 322, in render
    return nodelist.render(context)
  File "C:\Anaconda3\envs\web1\lib\site-packages\django\template\base.py", line 990, in render
    bit = node.render_annotated(context)
  File "C:\Anaconda3\envs\web1\lib\site-packages\django\template\base.py", line 957, in render_annotated
    return self.render(context)
  File "C:\Anaconda3\envs\web1\lib\site-packages\django\template\defaulttags.py", line 458, in render
    url = reverse(view_name, args=args, kwargs=kwargs, current_app=current_app)
  File "C:\Anaconda3\envs\web1\lib\site-packages\django\urls\base.py", line 91, in reverse
    return force_text(iri_to_uri(resolver._reverse_with_prefix(view, prefix, *args, **kwargs)))
  File "C:\Anaconda3\envs\web1\lib\site-packages\django\urls\resolvers.py", line 436, in _reverse_with_prefix
    self._populate()
  File "C:\Anaconda3\envs\web1\lib\site-packages\django\urls\resolvers.py", line 309, in _populate
    dict(defaults, **pattern.default_kwargs),
TypeError: 'function' object is not iterable
2017-08-20 15:15:03,655 [Thread-8:10768] [django.request:135] [exception:handle_uncaught_exception] [ERROR]- Internal Server Error: /users/login/
Traceback (most recent call last):
  File "C:\Anaconda3\envs\web1\lib\site-packages\django\core\handlers\exception.py", line 41, in inner
    response = get_response(request)
  File "C:\Anaconda3\envs\web1\lib\site-packages\django\core\handlers\base.py", line 172, in _get_response
    resolver_match = resolver.resolve(request.path_info)
  File "C:\Anaconda3\envs\web1\lib\site-packages\django\urls\resolvers.py", line 364, in resolve
    sub_match = pattern.resolve(new_path)
  File "C:\Anaconda3\envs\web1\lib\site-packages\django\urls\resolvers.py", line 364, in resolve
    sub_match = pattern.resolve(new_path)
  File "C:\Anaconda3\envs\web1\lib\site-packages\django\urls\resolvers.py", line 198, in resolve
    kwargs.update(self.default_args)
TypeError: 'function' object is not iterable
2017-08-20 15:15:05,378 [Thread-9:756] [django.request:135] [exception:handle_uncaught_exception] [ERROR]- Internal Server Error: /topics/9/
Traceback (most recent call last):
  File "C:\Anaconda3\envs\web1\lib\site-packages\django\core\handlers\exception.py", line 41, in inner
    response = get_response(request)
  File "C:\Anaconda3\envs\web1\lib\site-packages\django\core\handlers\base.py", line 187, in _get_response
    response = self.process_exception_by_middleware(e, request)
  File "C:\Anaconda3\envs\web1\lib\site-packages\django\core\handlers\base.py", line 185, in _get_response
    response = wrapped_callback(request, *callback_args, **callback_kwargs)
  File "F:\Django\study\blog\views.py", line 69, in topic
    return render(request,'blog/topic.html',context)
  File "C:\Anaconda3\envs\web1\lib\site-packages\django\shortcuts.py", line 30, in render
    content = loader.render_to_string(template_name, context, request, using=using)
  File "C:\Anaconda3\envs\web1\lib\site-packages\django\template\loader.py", line 68, in render_to_string
    return template.render(context, request)
  File "C:\Anaconda3\envs\web1\lib\site-packages\django\template\backends\django.py", line 66, in render
    return self.template.render(context)
  File "C:\Anaconda3\envs\web1\lib\site-packages\django\template\base.py", line 207, in render
    return self._render(context)
  File "C:\Anaconda3\envs\web1\lib\site-packages\django\template\base.py", line 199, in _render
    return self.nodelist.render(context)
  File "C:\Anaconda3\envs\web1\lib\site-packages\django\template\base.py", line 990, in render
    bit = node.render_annotated(context)
  File "C:\Anaconda3\envs\web1\lib\site-packages\django\template\base.py", line 957, in render_annotated
    return self.render(context)
  File "C:\Anaconda3\envs\web1\lib\site-packages\django\template\loader_tags.py", line 177, in render
    return compiled_parent._render(context)
  File "C:\Anaconda3\envs\web1\lib\site-packages\django\template\base.py", line 199, in _render
    return self.nodelist.render(context)
  File "C:\Anaconda3\envs\web1\lib\site-packages\django\template\base.py", line 990, in render
    bit = node.render_annotated(context)
  File "C:\Anaconda3\envs\web1\lib\site-packages\django\template\base.py", line 957, in render_annotated
    return self.render(context)
  File "C:\Anaconda3\envs\web1\lib\site-packages\django\template\defaulttags.py", line 322, in render
    return nodelist.render(context)
  File "C:\Anaconda3\envs\web1\lib\site-packages\django\template\base.py", line 990, in render
    bit = node.render_annotated(context)
  File "C:\Anaconda3\envs\web1\lib\site-packages\django\template\base.py", line 957, in render_annotated
    return self.render(context)
  File "C:\Anaconda3\envs\web1\lib\site-packages\django\template\defaulttags.py", line 458, in render
    url = reverse(view_name, args=args, kwargs=kwargs, current_app=current_app)
  File "C:\Anaconda3\envs\web1\lib\site-packages\django\urls\base.py", line 91, in reverse
    return force_text(iri_to_uri(resolver._reverse_with_prefix(view, prefix, *args, **kwargs)))
  File "C:\Anaconda3\envs\web1\lib\site-packages\django\urls\resolvers.py", line 436, in _reverse_with_prefix
    self._populate()
  File "C:\Anaconda3\envs\web1\lib\site-packages\django\urls\resolvers.py", line 309, in _populate
    dict(defaults, **pattern.default_kwargs),
TypeError: 'function' object is not iterable
2017-08-20 15:15:05,864 [Thread-10:14116] [django.request:135] [exception:handle_uncaught_exception] [ERROR]- Internal Server Error: /topics/
Traceback (most recent call last):
  File "C:\Anaconda3\envs\web1\lib\site-packages\django\core\handlers\exception.py", line 41, in inner
    response = get_response(request)
  File "C:\Anaconda3\envs\web1\lib\site-packages\django\core\handlers\base.py", line 187, in _get_response
    response = self.process_exception_by_middleware(e, request)
  File "C:\Anaconda3\envs\web1\lib\site-packages\django\core\handlers\base.py", line 185, in _get_response
    response = wrapped_callback(request, *callback_args, **callback_kwargs)
  File "F:\Django\study\blog\views.py", line 45, in topics
    return render(request,'blog/topics.html',context)
  File "C:\Anaconda3\envs\web1\lib\site-packages\django\shortcuts.py", line 30, in render
    content = loader.render_to_string(template_name, context, request, using=using)
  File "C:\Anaconda3\envs\web1\lib\site-packages\django\template\loader.py", line 68, in render_to_string
    return template.render(context, request)
  File "C:\Anaconda3\envs\web1\lib\site-packages\django\template\backends\django.py", line 66, in render
    return self.template.render(context)
  File "C:\Anaconda3\envs\web1\lib\site-packages\django\template\base.py", line 207, in render
    return self._render(context)
  File "C:\Anaconda3\envs\web1\lib\site-packages\django\template\base.py", line 199, in _render
    return self.nodelist.render(context)
  File "C:\Anaconda3\envs\web1\lib\site-packages\django\template\base.py", line 990, in render
    bit = node.render_annotated(context)
  File "C:\Anaconda3\envs\web1\lib\site-packages\django\template\base.py", line 957, in render_annotated
    return self.render(context)
  File "C:\Anaconda3\envs\web1\lib\site-packages\django\template\loader_tags.py", line 177, in render
    return compiled_parent._render(context)
  File "C:\Anaconda3\envs\web1\lib\site-packages\django\template\base.py", line 199, in _render
    return self.nodelist.render(context)
  File "C:\Anaconda3\envs\web1\lib\site-packages\django\template\base.py", line 990, in render
    bit = node.render_annotated(context)
  File "C:\Anaconda3\envs\web1\lib\site-packages\django\template\base.py", line 957, in render_annotated
    return self.render(context)
  File "C:\Anaconda3\envs\web1\lib\site-packages\django\template\defaulttags.py", line 322, in render
    return nodelist.render(context)
  File "C:\Anaconda3\envs\web1\lib\site-packages\django\template\base.py", line 990, in render
    bit = node.render_annotated(context)
  File "C:\Anaconda3\envs\web1\lib\site-packages\django\template\base.py", line 957, in render_annotated
    return self.render(context)
  File "C:\Anaconda3\envs\web1\lib\site-packages\django\template\defaulttags.py", line 458, in render
    url = reverse(view_name, args=args, kwargs=kwargs, current_app=current_app)
  File "C:\Anaconda3\envs\web1\lib\site-packages\django\urls\base.py", line 91, in reverse
    return force_text(iri_to_uri(resolver._reverse_with_prefix(view, prefix, *args, **kwargs)))
  File "C:\Anaconda3\envs\web1\lib\site-packages\django\urls\resolvers.py", line 436, in _reverse_with_prefix
    self._populate()
  File "C:\Anaconda3\envs\web1\lib\site-packages\django\urls\resolvers.py", line 309, in _populate
    dict(defaults, **pattern.default_kwargs),
TypeError: 'function' object is not iterable
2017-08-20 15:15:06,042 [Thread-11:6568] [django.request:135] [exception:handle_uncaught_exception] [ERROR]- Internal Server Error: /users/login/
Traceback (most recent call last):
  File "C:\Anaconda3\envs\web1\lib\site-packages\django\core\handlers\exception.py", line 41, in inner
    response = get_response(request)
  File "C:\Anaconda3\envs\web1\lib\site-packages\django\core\handlers\base.py", line 172, in _get_response
    resolver_match = resolver.resolve(request.path_info)
  File "C:\Anaconda3\envs\web1\lib\site-packages\django\urls\resolvers.py", line 364, in resolve
    sub_match = pattern.resolve(new_path)
  File "C:\Anaconda3\envs\web1\lib\site-packages\django\urls\resolvers.py", line 364, in resolve
    sub_match = pattern.resolve(new_path)
  File "C:\Anaconda3\envs\web1\lib\site-packages\django\urls\resolvers.py", line 198, in resolve
    kwargs.update(self.default_args)
TypeError: 'function' object is not iterable
2017-08-20 15:15:08,039 [Thread-12:14404] [django.request:135] [exception:handle_uncaught_exception] [ERROR]- Internal Server Error: /
Traceback (most recent call last):
  File "C:\Anaconda3\envs\web1\lib\site-packages\django\core\handlers\exception.py", line 41, in inner
    response = get_response(request)
  File "C:\Anaconda3\envs\web1\lib\site-packages\django\core\handlers\base.py", line 187, in _get_response
    response = self.process_exception_by_middleware(e, request)
  File "C:\Anaconda3\envs\web1\lib\site-packages\django\core\handlers\base.py", line 185, in _get_response
    response = wrapped_callback(request, *callback_args, **callback_kwargs)
  File "F:\Django\study\blog\views.py", line 18, in index
    return render(request,'blog/index.html',context)
  File "C:\Anaconda3\envs\web1\lib\site-packages\django\shortcuts.py", line 30, in render
    content = loader.render_to_string(template_name, context, request, using=using)
  File "C:\Anaconda3\envs\web1\lib\site-packages\django\template\loader.py", line 68, in render_to_string
    return template.render(context, request)
  File "C:\Anaconda3\envs\web1\lib\site-packages\django\template\backends\django.py", line 66, in render
    return self.template.render(context)
  File "C:\Anaconda3\envs\web1\lib\site-packages\django\template\base.py", line 207, in render
    return self._render(context)
  File "C:\Anaconda3\envs\web1\lib\site-packages\django\template\base.py", line 199, in _render
    return self.nodelist.render(context)
  File "C:\Anaconda3\envs\web1\lib\site-packages\django\template\base.py", line 990, in render
    bit = node.render_annotated(context)
  File "C:\Anaconda3\envs\web1\lib\site-packages\django\template\base.py", line 957, in render_annotated
    return self.render(context)
  File "C:\Anaconda3\envs\web1\lib\site-packages\django\template\loader_tags.py", line 177, in render
    return compiled_parent._render(context)
  File "C:\Anaconda3\envs\web1\lib\site-packages\django\template\base.py", line 199, in _render
    return self.nodelist.render(context)
  File "C:\Anaconda3\envs\web1\lib\site-packages\django\template\base.py", line 990, in render
    bit = node.render_annotated(context)
  File "C:\Anaconda3\envs\web1\lib\site-packages\django\template\base.py", line 957, in render_annotated
    return self.render(context)
  File "C:\Anaconda3\envs\web1\lib\site-packages\django\template\defaulttags.py", line 322, in render
    return nodelist.render(context)
  File "C:\Anaconda3\envs\web1\lib\site-packages\django\template\base.py", line 990, in render
    bit = node.render_annotated(context)
  File "C:\Anaconda3\envs\web1\lib\site-packages\django\template\base.py", line 957, in render_annotated
    return self.render(context)
  File "C:\Anaconda3\envs\web1\lib\site-packages\django\template\defaulttags.py", line 458, in render
    url = reverse(view_name, args=args, kwargs=kwargs, current_app=current_app)
  File "C:\Anaconda3\envs\web1\lib\site-packages\django\urls\base.py", line 91, in reverse
    return force_text(iri_to_uri(resolver._reverse_with_prefix(view, prefix, *args, **kwargs)))
  File "C:\Anaconda3\envs\web1\lib\site-packages\django\urls\resolvers.py", line 436, in _reverse_with_prefix
    self._populate()
  File "C:\Anaconda3\envs\web1\lib\site-packages\django\urls\resolvers.py", line 309, in _populate
    dict(defaults, **pattern.default_kwargs),
TypeError: 'function' object is not iterable
2017-08-20 15:15:11,336 [Thread-13:5872] [django.request:135] [exception:handle_uncaught_exception] [ERROR]- Internal Server Error: /
Traceback (most recent call last):
  File "C:\Anaconda3\envs\web1\lib\site-packages\django\core\handlers\exception.py", line 41, in inner
    response = get_response(request)
  File "C:\Anaconda3\envs\web1\lib\site-packages\django\core\handlers\base.py", line 187, in _get_response
    response = self.process_exception_by_middleware(e, request)
  File "C:\Anaconda3\envs\web1\lib\site-packages\django\core\handlers\base.py", line 185, in _get_response
    response = wrapped_callback(request, *callback_args, **callback_kwargs)
  File "F:\Django\study\blog\views.py", line 18, in index
    return render(request,'blog/index.html',context)
  File "C:\Anaconda3\envs\web1\lib\site-packages\django\shortcuts.py", line 30, in render
    content = loader.render_to_string(template_name, context, request, using=using)
  File "C:\Anaconda3\envs\web1\lib\site-packages\django\template\loader.py", line 68, in render_to_string
    return template.render(context, request)
  File "C:\Anaconda3\envs\web1\lib\site-packages\django\template\backends\django.py", line 66, in render
    return self.template.render(context)
  File "C:\Anaconda3\envs\web1\lib\site-packages\django\template\base.py", line 207, in render
    return self._render(context)
  File "C:\Anaconda3\envs\web1\lib\site-packages\django\template\base.py", line 199, in _render
    return self.nodelist.render(context)
  File "C:\Anaconda3\envs\web1\lib\site-packages\django\template\base.py", line 990, in render
    bit = node.render_annotated(context)
  File "C:\Anaconda3\envs\web1\lib\site-packages\django\template\base.py", line 957, in render_annotated
    return self.render(context)
  File "C:\Anaconda3\envs\web1\lib\site-packages\django\template\loader_tags.py", line 177, in render
    return compiled_parent._render(context)
  File "C:\Anaconda3\envs\web1\lib\site-packages\django\template\base.py", line 199, in _render
    return self.nodelist.render(context)
  File "C:\Anaconda3\envs\web1\lib\site-packages\django\template\base.py", line 990, in render
    bit = node.render_annotated(context)
  File "C:\Anaconda3\envs\web1\lib\site-packages\django\template\base.py", line 957, in render_annotated
    return self.render(context)
  File "C:\Anaconda3\envs\web1\lib\site-packages\django\template\defaulttags.py", line 322, in render
    return nodelist.render(context)
  File "C:\Anaconda3\envs\web1\lib\site-packages\django\template\base.py", line 990, in render
    bit = node.render_annotated(context)
  File "C:\Anaconda3\envs\web1\lib\site-packages\django\template\base.py", line 957, in render_annotated
    return self.render(context)
  File "C:\Anaconda3\envs\web1\lib\site-packages\django\template\defaulttags.py", line 458, in render
    url = reverse(view_name, args=args, kwargs=kwargs, current_app=current_app)
  File "C:\Anaconda3\envs\web1\lib\site-packages\django\urls\base.py", line 91, in reverse
    return force_text(iri_to_uri(resolver._reverse_with_prefix(view, prefix, *args, **kwargs)))
  File "C:\Anaconda3\envs\web1\lib\site-packages\django\urls\resolvers.py", line 436, in _reverse_with_prefix
    self._populate()
  File "C:\Anaconda3\envs\web1\lib\site-packages\django\urls\resolvers.py", line 309, in _populate
    dict(defaults, **pattern.default_kwargs),
TypeError: 'function' object is not iterable
2017-08-20 15:15:27,911 [Thread-15:15380] [django.request:135] [exception:handle_uncaught_exception] [ERROR]- Internal Server Error: /
Traceback (most recent call last):
  File "C:\Anaconda3\envs\web1\lib\site-packages\django\core\handlers\exception.py", line 41, in inner
    response = get_response(request)
  File "C:\Anaconda3\envs\web1\lib\site-packages\django\core\handlers\base.py", line 187, in _get_response
    response = self.process_exception_by_middleware(e, request)
  File "C:\Anaconda3\envs\web1\lib\site-packages\django\core\handlers\base.py", line 185, in _get_response
    response = wrapped_callback(request, *callback_args, **callback_kwargs)
  File "F:\Django\study\blog\views.py", line 18, in index
    return render(request,'blog/index.html',context)
  File "C:\Anaconda3\envs\web1\lib\site-packages\django\shortcuts.py", line 30, in render
    content = loader.render_to_string(template_name, context, request, using=using)
  File "C:\Anaconda3\envs\web1\lib\site-packages\django\template\loader.py", line 68, in render_to_string
    return template.render(context, request)
  File "C:\Anaconda3\envs\web1\lib\site-packages\django\template\backends\django.py", line 66, in render
    return self.template.render(context)
  File "C:\Anaconda3\envs\web1\lib\site-packages\django\template\base.py", line 207, in render
    return self._render(context)
  File "C:\Anaconda3\envs\web1\lib\site-packages\django\template\base.py", line 199, in _render
    return self.nodelist.render(context)
  File "C:\Anaconda3\envs\web1\lib\site-packages\django\template\base.py", line 990, in render
    bit = node.render_annotated(context)
  File "C:\Anaconda3\envs\web1\lib\site-packages\django\template\base.py", line 957, in render_annotated
    return self.render(context)
  File "C:\Anaconda3\envs\web1\lib\site-packages\django\template\loader_tags.py", line 177, in render
    return compiled_parent._render(context)
  File "C:\Anaconda3\envs\web1\lib\site-packages\django\template\base.py", line 199, in _render
    return self.nodelist.render(context)
  File "C:\Anaconda3\envs\web1\lib\site-packages\django\template\base.py", line 990, in render
    bit = node.render_annotated(context)
  File "C:\Anaconda3\envs\web1\lib\site-packages\django\template\base.py", line 957, in render_annotated
    return self.render(context)
  File "C:\Anaconda3\envs\web1\lib\site-packages\django\template\defaulttags.py", line 322, in render
    return nodelist.render(context)
  File "C:\Anaconda3\envs\web1\lib\site-packages\django\template\base.py", line 990, in render
    bit = node.render_annotated(context)
  File "C:\Anaconda3\envs\web1\lib\site-packages\django\template\base.py", line 957, in render_annotated
    return self.render(context)
  File "C:\Anaconda3\envs\web1\lib\site-packages\django\template\defaulttags.py", line 458, in render
    url = reverse(view_name, args=args, kwargs=kwargs, current_app=current_app)
  File "C:\Anaconda3\envs\web1\lib\site-packages\django\urls\base.py", line 91, in reverse
    return force_text(iri_to_uri(resolver._reverse_with_prefix(view, prefix, *args, **kwargs)))
  File "C:\Anaconda3\envs\web1\lib\site-packages\django\urls\resolvers.py", line 436, in _reverse_with_prefix
    self._populate()
  File "C:\Anaconda3\envs\web1\lib\site-packages\django\urls\resolvers.py", line 309, in _populate
    dict(defaults, **pattern.default_kwargs),
TypeError: 'function' object is not iterable
2017-08-20 15:16:00,539 [Thread-16:2764] [django.request:135] [exception:handle_uncaught_exception] [ERROR]- Internal Server Error: /
Traceback (most recent call last):
  File "C:\Anaconda3\envs\web1\lib\site-packages\django\core\handlers\exception.py", line 41, in inner
    response = get_response(request)
  File "C:\Anaconda3\envs\web1\lib\site-packages\django\core\handlers\base.py", line 187, in _get_response
    response = self.process_exception_by_middleware(e, request)
  File "C:\Anaconda3\envs\web1\lib\site-packages\django\core\handlers\base.py", line 185, in _get_response
    response = wrapped_callback(request, *callback_args, **callback_kwargs)
  File "F:\Django\study\blog\views.py", line 18, in index
    return render(request,'blog/index.html',context)
  File "C:\Anaconda3\envs\web1\lib\site-packages\django\shortcuts.py", line 30, in render
    content = loader.render_to_string(template_name, context, request, using=using)
  File "C:\Anaconda3\envs\web1\lib\site-packages\django\template\loader.py", line 68, in render_to_string
    return template.render(context, request)
  File "C:\Anaconda3\envs\web1\lib\site-packages\django\template\backends\django.py", line 66, in render
    return self.template.render(context)
  File "C:\Anaconda3\envs\web1\lib\site-packages\django\template\base.py", line 207, in render
    return self._render(context)
  File "C:\Anaconda3\envs\web1\lib\site-packages\django\template\base.py", line 199, in _render
    return self.nodelist.render(context)
  File "C:\Anaconda3\envs\web1\lib\site-packages\django\template\base.py", line 990, in render
    bit = node.render_annotated(context)
  File "C:\Anaconda3\envs\web1\lib\site-packages\django\template\base.py", line 957, in render_annotated
    return self.render(context)
  File "C:\Anaconda3\envs\web1\lib\site-packages\django\template\loader_tags.py", line 177, in render
    return compiled_parent._render(context)
  File "C:\Anaconda3\envs\web1\lib\site-packages\django\template\base.py", line 199, in _render
    return self.nodelist.render(context)
  File "C:\Anaconda3\envs\web1\lib\site-packages\django\template\base.py", line 990, in render
    bit = node.render_annotated(context)
  File "C:\Anaconda3\envs\web1\lib\site-packages\django\template\base.py", line 957, in render_annotated
    return self.render(context)
  File "C:\Anaconda3\envs\web1\lib\site-packages\django\template\defaulttags.py", line 322, in render
    return nodelist.render(context)
  File "C:\Anaconda3\envs\web1\lib\site-packages\django\template\base.py", line 990, in render
    bit = node.render_annotated(context)
  File "C:\Anaconda3\envs\web1\lib\site-packages\django\template\base.py", line 957, in render_annotated
    return self.render(context)
  File "C:\Anaconda3\envs\web1\lib\site-packages\django\template\defaulttags.py", line 458, in render
    url = reverse(view_name, args=args, kwargs=kwargs, current_app=current_app)
  File "C:\Anaconda3\envs\web1\lib\site-packages\django\urls\base.py", line 91, in reverse
    return force_text(iri_to_uri(resolver._reverse_with_prefix(view, prefix, *args, **kwargs)))
  File "C:\Anaconda3\envs\web1\lib\site-packages\django\urls\resolvers.py", line 436, in _reverse_with_prefix
    self._populate()
  File "C:\Anaconda3\envs\web1\lib\site-packages\django\urls\resolvers.py", line 309, in _populate
    dict(defaults, **pattern.default_kwargs),
TypeError: 'function' object is not iterable
2017-08-20 15:16:41,457 [Thread-2:3352] [django.request:135] [exception:handle_uncaught_exception] [ERROR]- Internal Server Error: /
Traceback (most recent call last):
  File "C:\Anaconda3\envs\web1\lib\site-packages\django\core\handlers\exception.py", line 41, in inner
    response = get_response(request)
  File "C:\Anaconda3\envs\web1\lib\site-packages\django\core\handlers\base.py", line 187, in _get_response
    response = self.process_exception_by_middleware(e, request)
  File "C:\Anaconda3\envs\web1\lib\site-packages\django\core\handlers\base.py", line 185, in _get_response
    response = wrapped_callback(request, *callback_args, **callback_kwargs)
  File "F:\Django\study\blog\views.py", line 18, in index
    return render(request,'blog/index.html',context)
  File "C:\Anaconda3\envs\web1\lib\site-packages\django\shortcuts.py", line 30, in render
    content = loader.render_to_string(template_name, context, request, using=using)
  File "C:\Anaconda3\envs\web1\lib\site-packages\django\template\loader.py", line 68, in render_to_string
    return template.render(context, request)
  File "C:\Anaconda3\envs\web1\lib\site-packages\django\template\backends\django.py", line 66, in render
    return self.template.render(context)
  File "C:\Anaconda3\envs\web1\lib\site-packages\django\template\base.py", line 207, in render
    return self._render(context)
  File "C:\Anaconda3\envs\web1\lib\site-packages\django\template\base.py", line 199, in _render
    return self.nodelist.render(context)
  File "C:\Anaconda3\envs\web1\lib\site-packages\django\template\base.py", line 990, in render
    bit = node.render_annotated(context)
  File "C:\Anaconda3\envs\web1\lib\site-packages\django\template\base.py", line 957, in render_annotated
    return self.render(context)
  File "C:\Anaconda3\envs\web1\lib\site-packages\django\template\loader_tags.py", line 177, in render
    return compiled_parent._render(context)
  File "C:\Anaconda3\envs\web1\lib\site-packages\django\template\base.py", line 199, in _render
    return self.nodelist.render(context)
  File "C:\Anaconda3\envs\web1\lib\site-packages\django\template\base.py", line 990, in render
    bit = node.render_annotated(context)
  File "C:\Anaconda3\envs\web1\lib\site-packages\django\template\base.py", line 957, in render_annotated
    return self.render(context)
  File "C:\Anaconda3\envs\web1\lib\site-packages\django\template\defaulttags.py", line 322, in render
    return nodelist.render(context)
  File "C:\Anaconda3\envs\web1\lib\site-packages\django\template\base.py", line 990, in render
    bit = node.render_annotated(context)
  File "C:\Anaconda3\envs\web1\lib\site-packages\django\template\base.py", line 957, in render_annotated
    return self.render(context)
  File "C:\Anaconda3\envs\web1\lib\site-packages\django\template\defaulttags.py", line 458, in render
    url = reverse(view_name, args=args, kwargs=kwargs, current_app=current_app)
  File "C:\Anaconda3\envs\web1\lib\site-packages\django\urls\base.py", line 91, in reverse
    return force_text(iri_to_uri(resolver._reverse_with_prefix(view, prefix, *args, **kwargs)))
  File "C:\Anaconda3\envs\web1\lib\site-packages\django\urls\resolvers.py", line 436, in _reverse_with_prefix
    self._populate()
  File "C:\Anaconda3\envs\web1\lib\site-packages\django\urls\resolvers.py", line 309, in _populate
    dict(defaults, **pattern.default_kwargs),
TypeError: 'function' object is not iterable
2017-08-20 15:19:24,876 [Thread-3:6592] [django.request:135] [exception:handle_uncaught_exception] [ERROR]- Internal Server Error: /users/login/
Traceback (most recent call last):
  File "F:\Django\study\users\views.py", line 22, in login_view
    if len(username)*len(password)==0:
TypeError: object of type 'NoneType' has no len()

During handling of the above exception, another exception occurred:

Traceback (most recent call last):
  File "F:\Django\study\users\views.py", line 37, in login_view
    response_data['message'] = e.message
AttributeError: 'TypeError' object has no attribute 'message'

During handling of the above exception, another exception occurred:

Traceback (most recent call last):
  File "C:\Anaconda3\envs\web1\lib\site-packages\django\core\handlers\exception.py", line 41, in inner
    response = get_response(request)
  File "C:\Anaconda3\envs\web1\lib\site-packages\django\core\handlers\base.py", line 187, in _get_response
    response = self.process_exception_by_middleware(e, request)
  File "C:\Anaconda3\envs\web1\lib\site-packages\django\core\handlers\base.py", line 185, in _get_response
    response = wrapped_callback(request, *callback_args, **callback_kwargs)
  File "F:\Django\study\users\views.py", line 42, in login_view
    return render(request,'users/login.html',context)
NameError: name 'context' is not defined
2017-08-20 15:19:26,042 [Thread-4:9260] [django.request:135] [exception:handle_uncaught_exception] [ERROR]- Internal Server Error: /users/login/
Traceback (most recent call last):
  File "F:\Django\study\users\views.py", line 22, in login_view
    if len(username)*len(password)==0:
TypeError: object of type 'NoneType' has no len()

During handling of the above exception, another exception occurred:

Traceback (most recent call last):
  File "F:\Django\study\users\views.py", line 37, in login_view
    response_data['message'] = e.message
AttributeError: 'TypeError' object has no attribute 'message'

During handling of the above exception, another exception occurred:

Traceback (most recent call last):
  File "C:\Anaconda3\envs\web1\lib\site-packages\django\core\handlers\exception.py", line 41, in inner
    response = get_response(request)
  File "C:\Anaconda3\envs\web1\lib\site-packages\django\core\handlers\base.py", line 187, in _get_response
    response = self.process_exception_by_middleware(e, request)
  File "C:\Anaconda3\envs\web1\lib\site-packages\django\core\handlers\base.py", line 185, in _get_response
    response = wrapped_callback(request, *callback_args, **callback_kwargs)
  File "F:\Django\study\users\views.py", line 42, in login_view
    return render(request,'users/login.html',context)
NameError: name 'context' is not defined
2017-08-20 15:19:26,864 [Thread-5:9320] [django.request:135] [exception:handle_uncaught_exception] [ERROR]- Internal Server Error: /users/login/
Traceback (most recent call last):
  File "F:\Django\study\users\views.py", line 22, in login_view
    if len(username)*len(password)==0:
TypeError: object of type 'NoneType' has no len()

During handling of the above exception, another exception occurred:

Traceback (most recent call last):
  File "F:\Django\study\users\views.py", line 37, in login_view
    response_data['message'] = e.message
AttributeError: 'TypeError' object has no attribute 'message'

During handling of the above exception, another exception occurred:

Traceback (most recent call last):
  File "C:\Anaconda3\envs\web1\lib\site-packages\django\core\handlers\exception.py", line 41, in inner
    response = get_response(request)
  File "C:\Anaconda3\envs\web1\lib\site-packages\django\core\handlers\base.py", line 187, in _get_response
    response = self.process_exception_by_middleware(e, request)
  File "C:\Anaconda3\envs\web1\lib\site-packages\django\core\handlers\base.py", line 185, in _get_response
    response = wrapped_callback(request, *callback_args, **callback_kwargs)
  File "F:\Django\study\users\views.py", line 42, in login_view
    return render(request,'users/login.html',context)
NameError: name 'context' is not defined
2017-08-20 16:02:45,746 [Thread-9:15644] [django.request:135] [exception:handle_uncaught_exception] [ERROR]- Internal Server Error: /users/password_lost
Traceback (most recent call last):
  File "C:\Anaconda3\envs\web1\lib\site-packages\django\core\handlers\exception.py", line 41, in inner
    response = get_response(request)
  File "C:\Anaconda3\envs\web1\lib\site-packages\django\core\handlers\base.py", line 187, in _get_response
    response = self.process_exception_by_middleware(e, request)
  File "C:\Anaconda3\envs\web1\lib\site-packages\django\core\handlers\base.py", line 185, in _get_response
    response = wrapped_callback(request, *callback_args, **callback_kwargs)
  File "F:\Django\study\users\views.py", line 322, in password_lost
    return render(request, 'user/pwd_forget.html', data)
  File "C:\Anaconda3\envs\web1\lib\site-packages\django\shortcuts.py", line 30, in render
    content = loader.render_to_string(template_name, context, request, using=using)
  File "C:\Anaconda3\envs\web1\lib\site-packages\django\template\loader.py", line 67, in render_to_string
    template = get_template(template_name, using=using)
  File "C:\Anaconda3\envs\web1\lib\site-packages\django\template\loader.py", line 25, in get_template
    raise TemplateDoesNotExist(template_name, chain=chain)
django.template.exceptions.TemplateDoesNotExist: user/pwd_forget.html
2017-08-20 16:03:33,594 [Thread-4:12856] [django.request:135] [exception:handle_uncaught_exception] [ERROR]- Internal Server Error: /users/password_lost
Traceback (most recent call last):
  File "C:\Anaconda3\envs\web1\lib\site-packages\django\core\handlers\exception.py", line 41, in inner
    response = get_response(request)
  File "C:\Anaconda3\envs\web1\lib\site-packages\django\core\handlers\base.py", line 187, in _get_response
    response = self.process_exception_by_middleware(e, request)
  File "C:\Anaconda3\envs\web1\lib\site-packages\django\core\handlers\base.py", line 185, in _get_response
    response = wrapped_callback(request, *callback_args, **callback_kwargs)
  File "F:\Django\study\users\views.py", line 322, in password_lost
    return render(request, 'users/pwd_forget.html', data)
  File "C:\Anaconda3\envs\web1\lib\site-packages\django\shortcuts.py", line 30, in render
    content = loader.render_to_string(template_name, context, request, using=using)
  File "C:\Anaconda3\envs\web1\lib\site-packages\django\template\loader.py", line 68, in render_to_string
    return template.render(context, request)
  File "C:\Anaconda3\envs\web1\lib\site-packages\django\template\backends\django.py", line 66, in render
    return self.template.render(context)
  File "C:\Anaconda3\envs\web1\lib\site-packages\django\template\base.py", line 207, in render
    return self._render(context)
  File "C:\Anaconda3\envs\web1\lib\site-packages\django\template\base.py", line 199, in _render
    return self.nodelist.render(context)
  File "C:\Anaconda3\envs\web1\lib\site-packages\django\template\base.py", line 990, in render
    bit = node.render_annotated(context)
  File "C:\Anaconda3\envs\web1\lib\site-packages\django\template\base.py", line 957, in render_annotated
    return self.render(context)
  File "C:\Anaconda3\envs\web1\lib\site-packages\django\template\loader_tags.py", line 177, in render
    return compiled_parent._render(context)
  File "C:\Anaconda3\envs\web1\lib\site-packages\django\template\base.py", line 199, in _render
    return self.nodelist.render(context)
  File "C:\Anaconda3\envs\web1\lib\site-packages\django\template\base.py", line 990, in render
    bit = node.render_annotated(context)
  File "C:\Anaconda3\envs\web1\lib\site-packages\django\template\base.py", line 957, in render_annotated
    return self.render(context)
  File "C:\Anaconda3\envs\web1\lib\site-packages\django\template\loader_tags.py", line 72, in render
    result = block.nodelist.render(context)
  File "C:\Anaconda3\envs\web1\lib\site-packages\django\template\base.py", line 990, in render
    bit = node.render_annotated(context)
  File "C:\Anaconda3\envs\web1\lib\site-packages\django\template\base.py", line 957, in render_annotated
    return self.render(context)
  File "C:\Anaconda3\envs\web1\lib\site-packages\django\template\defaulttags.py", line 458, in render
    url = reverse(view_name, args=args, kwargs=kwargs, current_app=current_app)
  File "C:\Anaconda3\envs\web1\lib\site-packages\django\urls\base.py", line 91, in reverse
    return force_text(iri_to_uri(resolver._reverse_with_prefix(view, prefix, *args, **kwargs)))
  File "C:\Anaconda3\envs\web1\lib\site-packages\django\urls\resolvers.py", line 497, in _reverse_with_prefix
    raise NoReverseMatch(msg)
django.urls.exceptions.NoReverseMatch: Reverse for 'get_email_code' not found. 'get_email_code' is not a valid view function or pattern name.
2017-08-20 16:08:08,705 [Thread-17:9660] [django.request:135] [exception:handle_uncaught_exception] [ERROR]- Internal Server Error: /users/get_email_code
Traceback (most recent call last):
  File "C:\Anaconda3\envs\web1\lib\site-packages\django\core\handlers\exception.py", line 41, in inner
    response = get_response(request)
  File "C:\Anaconda3\envs\web1\lib\site-packages\django\core\handlers\base.py", line 187, in _get_response
    response = self.process_exception_by_middleware(e, request)
  File "C:\Anaconda3\envs\web1\lib\site-packages\django\core\handlers\base.py", line 185, in _get_response
    response = wrapped_callback(request, *callback_args, **callback_kwargs)
  File "F:\Django\study\users\views.py", line 327, in get_email_code
    code = ''.join(random.sample(string.digits + string.letters, 6))
AttributeError: module 'string' has no attribute 'letters'
2017-08-20 16:11:06,397 [Thread-3:14296] [django.request:135] [exception:handle_uncaught_exception] [ERROR]- Internal Server Error: /users/get_email_code
Traceback (most recent call last):
  File "C:\Anaconda3\envs\web1\lib\site-packages\django\core\handlers\exception.py", line 41, in inner
    response = get_response(request)
  File "C:\Anaconda3\envs\web1\lib\site-packages\django\core\handlers\base.py", line 187, in _get_response
    response = self.process_exception_by_middleware(e, request)
  File "C:\Anaconda3\envs\web1\lib\site-packages\django\core\handlers\base.py", line 185, in _get_response
    response = wrapped_callback(request, *callback_args, **callback_kwargs)
  File "F:\Django\study\users\views.py", line 327, in get_email_code
    code = ''.join(random.sample(string.digits + string.letters, 6))
AttributeError: module 'string' has no attribute 'letters'
2017-08-20 16:11:09,181 [Thread-4:1328] [django.request:135] [exception:handle_uncaught_exception] [ERROR]- Internal Server Error: /users/get_email_code
Traceback (most recent call last):
  File "C:\Anaconda3\envs\web1\lib\site-packages\django\core\handlers\exception.py", line 41, in inner
    response = get_response(request)
  File "C:\Anaconda3\envs\web1\lib\site-packages\django\core\handlers\base.py", line 187, in _get_response
    response = self.process_exception_by_middleware(e, request)
  File "C:\Anaconda3\envs\web1\lib\site-packages\django\core\handlers\base.py", line 185, in _get_response
    response = wrapped_callback(request, *callback_args, **callback_kwargs)
  File "F:\Django\study\users\views.py", line 327, in get_email_code
    code = ''.join(random.sample(string.digits + string.letters, 6))
AttributeError: module 'string' has no attribute 'letters'
2017-08-20 16:12:16,730 [Thread-5:5940] [django.request:135] [exception:handle_uncaught_exception] [ERROR]- Internal Server Error: /users/get_email_code
Traceback (most recent call last):
  File "C:\Anaconda3\envs\web1\lib\site-packages\django\core\handlers\exception.py", line 41, in inner
    response = get_response(request)
  File "C:\Anaconda3\envs\web1\lib\site-packages\django\core\handlers\base.py", line 187, in _get_response
    response = self.process_exception_by_middleware(e, request)
  File "C:\Anaconda3\envs\web1\lib\site-packages\django\core\handlers\base.py", line 185, in _get_response
    response = wrapped_callback(request, *callback_args, **callback_kwargs)
  File "F:\Django\study\users\views.py", line 327, in get_email_code
    code = ''.join(random.sample(string.digits + string.letters, 6))
AttributeError: module 'string' has no attribute 'letters'
2017-08-20 16:12:54,884 [Thread-17:11972] [django.request:135] [exception:handle_uncaught_exception] [ERROR]- Internal Server Error: /users/get_email_code
Traceback (most recent call last):
  File "C:\Anaconda3\envs\web1\lib\site-packages\django\core\handlers\exception.py", line 41, in inner
    response = get_response(request)
  File "C:\Anaconda3\envs\web1\lib\site-packages\django\core\handlers\base.py", line 187, in _get_response
    response = self.process_exception_by_middleware(e, request)
  File "C:\Anaconda3\envs\web1\lib\site-packages\django\core\handlers\base.py", line 185, in _get_response
    response = wrapped_callback(request, *callback_args, **callback_kwargs)
  File "F:\Django\study\users\views.py", line 327, in get_email_code
    code = ''.join(random.sample(string.digits + string.letters, 6))
AttributeError: module 'string' has no attribute 'letters'
2017-08-20 16:13:08,621 [Thread-19:6848] [django.request:135] [exception:handle_uncaught_exception] [ERROR]- Internal Server Error: /users/get_email_code
Traceback (most recent call last):
  File "C:\Anaconda3\envs\web1\lib\site-packages\django\core\handlers\exception.py", line 41, in inner
    response = get_response(request)
  File "C:\Anaconda3\envs\web1\lib\site-packages\django\core\handlers\base.py", line 187, in _get_response
    response = self.process_exception_by_middleware(e, request)
  File "C:\Anaconda3\envs\web1\lib\site-packages\django\core\handlers\base.py", line 185, in _get_response
    response = wrapped_callback(request, *callback_args, **callback_kwargs)
  File "F:\Django\study\users\views.py", line 327, in get_email_code
    code = ''.join(random.sample(string.digits + string.letters, 6))
AttributeError: module 'string' has no attribute 'letters'
2017-08-20 16:13:19,781 [Thread-20:4908] [django.request:135] [exception:handle_uncaught_exception] [ERROR]- Internal Server Error: /users/get_email_code
Traceback (most recent call last):
  File "C:\Anaconda3\envs\web1\lib\site-packages\django\core\handlers\exception.py", line 41, in inner
    response = get_response(request)
  File "C:\Anaconda3\envs\web1\lib\site-packages\django\core\handlers\base.py", line 187, in _get_response
    response = self.process_exception_by_middleware(e, request)
  File "C:\Anaconda3\envs\web1\lib\site-packages\django\core\handlers\base.py", line 185, in _get_response
    response = wrapped_callback(request, *callback_args, **callback_kwargs)
  File "F:\Django\study\users\views.py", line 327, in get_email_code
    code = ''.join(random.sample(string.digits + string.letters, 6))
AttributeError: module 'string' has no attribute 'letters'
2017-08-20 16:14:12,628 [Thread-5:13996] [django.request:135] [exception:handle_uncaught_exception] [ERROR]- Internal Server Error: /users/get_email_code
Traceback (most recent call last):
  File "C:\Anaconda3\envs\web1\lib\site-packages\django\core\handlers\exception.py", line 41, in inner
    response = get_response(request)
  File "C:\Anaconda3\envs\web1\lib\site-packages\django\core\handlers\base.py", line 187, in _get_response
    response = self.process_exception_by_middleware(e, request)
  File "C:\Anaconda3\envs\web1\lib\site-packages\django\core\handlers\base.py", line 185, in _get_response
    response = wrapped_callback(request, *callback_args, **callback_kwargs)
  File "F:\Django\study\users\views.py", line 327, in get_email_code
    code = ''.join(random.sample(string.digits + string.letters, 6))
AttributeError: module 'string' has no attribute 'letters'
2017-08-20 16:14:57,904 [Thread-6:1816] [django.request:135] [exception:handle_uncaught_exception] [ERROR]- Internal Server Error: /users/get_email_code
Traceback (most recent call last):
  File "C:\Anaconda3\envs\web1\lib\site-packages\django\core\handlers\exception.py", line 41, in inner
    response = get_response(request)
  File "C:\Anaconda3\envs\web1\lib\site-packages\django\core\handlers\base.py", line 187, in _get_response
    response = self.process_exception_by_middleware(e, request)
  File "C:\Anaconda3\envs\web1\lib\site-packages\django\core\handlers\base.py", line 185, in _get_response
    response = wrapped_callback(request, *callback_args, **callback_kwargs)
  File "F:\Django\study\users\views.py", line 327, in get_email_code
    code = ''.join(random.sample(string.digits + string.letters, 6))
AttributeError: module 'string' has no attribute 'letters'
2017-08-20 16:15:07,679 [Thread-7:14440] [django.request:135] [exception:handle_uncaught_exception] [ERROR]- Internal Server Error: /users/get_email_code
Traceback (most recent call last):
  File "C:\Anaconda3\envs\web1\lib\site-packages\django\core\handlers\exception.py", line 41, in inner
    response = get_response(request)
  File "C:\Anaconda3\envs\web1\lib\site-packages\django\core\handlers\base.py", line 187, in _get_response
    response = self.process_exception_by_middleware(e, request)
  File "C:\Anaconda3\envs\web1\lib\site-packages\django\core\handlers\base.py", line 185, in _get_response
    response = wrapped_callback(request, *callback_args, **callback_kwargs)
  File "F:\Django\study\users\views.py", line 327, in get_email_code
    code = ''.join(random.sample(string.digits + string.letters, 6))
AttributeError: module 'string' has no attribute 'letters'
2017-08-20 16:17:11,033 [Thread-9:5868] [django.request:135] [exception:handle_uncaught_exception] [ERROR]- Internal Server Error: /users/get_email_code
Traceback (most recent call last):
  File "C:\Anaconda3\envs\web1\lib\site-packages\django\core\handlers\exception.py", line 41, in inner
    response = get_response(request)
  File "C:\Anaconda3\envs\web1\lib\site-packages\django\core\handlers\base.py", line 187, in _get_response
    response = self.process_exception_by_middleware(e, request)
  File "C:\Anaconda3\envs\web1\lib\site-packages\django\core\handlers\base.py", line 185, in _get_response
    response = wrapped_callback(request, *callback_args, **callback_kwargs)
  File "F:\Django\study\users\views.py", line 327, in get_email_code
    code = ''.join(random.sample(string.digits + string.letters, 6))
AttributeError: module 'string' has no attribute 'letters'
2017-08-20 16:17:55,360 [Thread-14:12516] [django.request:135] [exception:handle_uncaught_exception] [ERROR]- Internal Server Error: /users/get_email_code
Traceback (most recent call last):
  File "C:\Anaconda3\envs\web1\lib\site-packages\django\core\handlers\exception.py", line 41, in inner
    response = get_response(request)
  File "C:\Anaconda3\envs\web1\lib\site-packages\django\core\handlers\base.py", line 187, in _get_response
    response = self.process_exception_by_middleware(e, request)
  File "C:\Anaconda3\envs\web1\lib\site-packages\django\core\handlers\base.py", line 185, in _get_response
    response = wrapped_callback(request, *callback_args, **callback_kwargs)
  File "F:\Django\study\users\views.py", line 327, in get_email_code
    code = ''.join(random.sample(string.digits + string.letters, 6))
AttributeError: module 'string' has no attribute 'letters'
2017-08-20 16:29:44,068 [Thread-9:8960] [django.request:135] [exception:handle_uncaught_exception] [ERROR]- Internal Server Error: /users/get_email_code
Traceback (most recent call last):
  File "C:\Anaconda3\envs\web1\lib\site-packages\django\core\handlers\exception.py", line 41, in inner
    response = get_response(request)
  File "C:\Anaconda3\envs\web1\lib\site-packages\django\core\handlers\base.py", line 187, in _get_response
    response = self.process_exception_by_middleware(e, request)
  File "C:\Anaconda3\envs\web1\lib\site-packages\django\core\handlers\base.py", line 185, in _get_response
    response = wrapped_callback(request, *callback_args, **callback_kwargs)
  File "F:\Django\study\users\views.py", line 327, in get_email_code
    code = ''.join(random.sample(string.digits + string.letters, 6))
AttributeError: module 'string' has no attribute 'letters'
2017-08-20 16:31:11,096 [Thread-3:14648] [django.request:135] [exception:handle_uncaught_exception] [ERROR]- Internal Server Error: /users/get_email_code
Traceback (most recent call last):
  File "C:\Anaconda3\envs\web1\lib\site-packages\django\core\handlers\exception.py", line 41, in inner
    response = get_response(request)
  File "C:\Anaconda3\envs\web1\lib\site-packages\django\core\handlers\base.py", line 187, in _get_response
    response = self.process_exception_by_middleware(e, request)
  File "C:\Anaconda3\envs\web1\lib\site-packages\django\core\handlers\base.py", line 185, in _get_response
    response = wrapped_callback(request, *callback_args, **callback_kwargs)
  File "F:\Django\study\users\views.py", line 327, in get_email_code
    code = ''.join(random.sample(string.digits + string.letters, 6))
AttributeError: module 'string' has no attribute 'letters'
2017-08-20 16:35:48,308 [Thread-5:6968] [django.request:135] [exception:handle_uncaught_exception] [ERROR]- Internal Server Error: /users/get_email_code
Traceback (most recent call last):
  File "C:\Anaconda3\envs\web1\lib\site-packages\django\core\handlers\exception.py", line 41, in inner
    response = get_response(request)
  File "C:\Anaconda3\envs\web1\lib\site-packages\django\core\handlers\base.py", line 187, in _get_response
    response = self.process_exception_by_middleware(e, request)
  File "C:\Anaconda3\envs\web1\lib\site-packages\django\core\handlers\base.py", line 185, in _get_response
    response = wrapped_callback(request, *callback_args, **callback_kwargs)
  File "F:\Django\study\users\views.py", line 327, in get_email_code
    code = ''.join(random.sample(string.digits + string.letters, 6))
AttributeError: module 'string' has no attribute 'letters'
2017-08-20 16:36:03,220 [Thread-6:12144] [django.request:135] [exception:handle_uncaught_exception] [ERROR]- Internal Server Error: /users/get_email_code
Traceback (most recent call last):
  File "C:\Anaconda3\envs\web1\lib\site-packages\django\core\handlers\exception.py", line 41, in inner
    response = get_response(request)
  File "C:\Anaconda3\envs\web1\lib\site-packages\django\core\handlers\base.py", line 187, in _get_response
    response = self.process_exception_by_middleware(e, request)
  File "C:\Anaconda3\envs\web1\lib\site-packages\django\core\handlers\base.py", line 185, in _get_response
    response = wrapped_callback(request, *callback_args, **callback_kwargs)
  File "F:\Django\study\users\views.py", line 327, in get_email_code
    code = ''.join(random.sample(string.digits + string.letters, 6))
AttributeError: module 'string' has no attribute 'letters'
2017-08-20 16:39:07,111 [Thread-5:13812] [django.request:135] [exception:handle_uncaught_exception] [ERROR]- Internal Server Error: /users/get_email_code
Traceback (most recent call last):
  File "C:\Anaconda3\envs\web1\lib\site-packages\django\core\handlers\exception.py", line 41, in inner
    response = get_response(request)
  File "C:\Anaconda3\envs\web1\lib\site-packages\django\core\handlers\base.py", line 187, in _get_response
    response = self.process_exception_by_middleware(e, request)
  File "C:\Anaconda3\envs\web1\lib\site-packages\django\core\handlers\base.py", line 185, in _get_response
    response = wrapped_callback(request, *callback_args, **callback_kwargs)
  File "F:\Django\study\users\views.py", line 327, in get_email_code
    code = ''.join(random.sample(string.digits + string.letters, 6))
AttributeError: module 'string' has no attribute 'letters'
2017-08-20 16:40:28,846 [Thread-7:10656] [django.request:135] [exception:handle_uncaught_exception] [ERROR]- Internal Server Error: /users/get_email_code
Traceback (most recent call last):
  File "C:\Anaconda3\envs\web1\lib\site-packages\django\core\handlers\exception.py", line 41, in inner
    response = get_response(request)
  File "C:\Anaconda3\envs\web1\lib\site-packages\django\core\handlers\base.py", line 187, in _get_response
    response = self.process_exception_by_middleware(e, request)
  File "C:\Anaconda3\envs\web1\lib\site-packages\django\core\handlers\base.py", line 185, in _get_response
    response = wrapped_callback(request, *callback_args, **callback_kwargs)
  File "F:\Django\study\users\views.py", line 327, in get_email_code
    code = ''.join(random.sample(string.digits + string.letters, 6))
AttributeError: module 'string' has no attribute 'letters'
2017-08-20 16:42:29,154 [Thread-3:15032] [django.request:135] [exception:handle_uncaught_exception] [ERROR]- Internal Server Error: /users/get_email_code
Traceback (most recent call last):
  File "C:\Anaconda3\envs\web1\lib\site-packages\django\core\handlers\exception.py", line 41, in inner
    response = get_response(request)
  File "C:\Anaconda3\envs\web1\lib\site-packages\django\core\handlers\base.py", line 187, in _get_response
    response = self.process_exception_by_middleware(e, request)
  File "C:\Anaconda3\envs\web1\lib\site-packages\django\core\handlers\base.py", line 185, in _get_response
    response = wrapped_callback(request, *callback_args, **callback_kwargs)
  File "F:\Django\study\users\views.py", line 327, in get_email_code
    code = ''.join(random.sample(string.digits + string.letters, 6))
AttributeError: module 'string' has no attribute 'letters'
2017-08-20 16:43:42,083 [Thread-3:5196] [django.request:135] [exception:handle_uncaught_exception] [ERROR]- Internal Server Error: /users/get_email_code
Traceback (most recent call last):
  File "C:\Anaconda3\envs\web1\lib\site-packages\django\core\handlers\exception.py", line 41, in inner
    response = get_response(request)
  File "C:\Anaconda3\envs\web1\lib\site-packages\django\core\handlers\base.py", line 187, in _get_response
    response = self.process_exception_by_middleware(e, request)
  File "C:\Anaconda3\envs\web1\lib\site-packages\django\core\handlers\base.py", line 185, in _get_response
    response = wrapped_callback(request, *callback_args, **callback_kwargs)
  File "F:\Django\study\users\views.py", line 327, in get_email_code
    code = ''.join(random.sample(string.digits + string.letters, 6))
AttributeError: module 'string' has no attribute 'letters'
2017-08-20 16:44:21,061 [Thread-2:13676] [django.request:135] [exception:handle_uncaught_exception] [ERROR]- Internal Server Error: /users/get_email_code
Traceback (most recent call last):
  File "C:\Anaconda3\envs\web1\lib\site-packages\django\core\handlers\exception.py", line 41, in inner
    response = get_response(request)
  File "C:\Anaconda3\envs\web1\lib\site-packages\django\core\handlers\base.py", line 187, in _get_response
    response = self.process_exception_by_middleware(e, request)
  File "C:\Anaconda3\envs\web1\lib\site-packages\django\core\handlers\base.py", line 185, in _get_response
    response = wrapped_callback(request, *callback_args, **callback_kwargs)
  File "F:\Django\study\users\views.py", line 327, in get_email_code
    code = ''.join(random.sample(string.digits + string.letters, 6))
AttributeError: module 'string' has no attribute 'letters'
2017-08-20 18:41:21,968 [Thread-2:16116] [django.request:135] [exception:handle_uncaught_exception] [ERROR]- Internal Server Error: /users/password_lost
Traceback (most recent call last):
  File "C:\Anaconda3\envs\web1\lib\site-packages\django\core\handlers\exception.py", line 41, in inner
    response = get_response(request)
  File "C:\Anaconda3\envs\web1\lib\site-packages\django\core\handlers\base.py", line 187, in _get_response
    response = self.process_exception_by_middleware(e, request)
  File "C:\Anaconda3\envs\web1\lib\site-packages\django\core\handlers\base.py", line 185, in _get_response
    response = wrapped_callback(request, *callback_args, **callback_kwargs)
  File "F:\Django\study\users\views.py", line 294, in password_lost
    if form.is_valid():
  File "C:\Anaconda3\envs\web1\lib\site-packages\django\forms\forms.py", line 183, in is_valid
    return self.is_bound and not self.errors
  File "C:\Anaconda3\envs\web1\lib\site-packages\django\forms\forms.py", line 175, in errors
    self.full_clean()
  File "C:\Anaconda3\envs\web1\lib\site-packages\django\forms\forms.py", line 384, in full_clean
    self._clean_fields()
  File "C:\Anaconda3\envs\web1\lib\site-packages\django\forms\forms.py", line 405, in _clean_fields
    value = getattr(self, 'clean_%s' % name)()
  File "F:\Django\study\users\forms.py", line 129, in clean_check_code
    if user_ex.count > 0:
TypeError: '>' not supported between instances of 'method' and 'int'
2017-08-20 18:41:23,457 [Thread-3:12404] [django.request:135] [exception:handle_uncaught_exception] [ERROR]- Internal Server Error: /users/password_lost
Traceback (most recent call last):
  File "C:\Anaconda3\envs\web1\lib\site-packages\django\core\handlers\exception.py", line 41, in inner
    response = get_response(request)
  File "C:\Anaconda3\envs\web1\lib\site-packages\django\core\handlers\base.py", line 187, in _get_response
    response = self.process_exception_by_middleware(e, request)
  File "C:\Anaconda3\envs\web1\lib\site-packages\django\core\handlers\base.py", line 185, in _get_response
    response = wrapped_callback(request, *callback_args, **callback_kwargs)
  File "F:\Django\study\users\views.py", line 294, in password_lost
    if form.is_valid():
  File "C:\Anaconda3\envs\web1\lib\site-packages\django\forms\forms.py", line 183, in is_valid
    return self.is_bound and not self.errors
  File "C:\Anaconda3\envs\web1\lib\site-packages\django\forms\forms.py", line 175, in errors
    self.full_clean()
  File "C:\Anaconda3\envs\web1\lib\site-packages\django\forms\forms.py", line 384, in full_clean
    self._clean_fields()
  File "C:\Anaconda3\envs\web1\lib\site-packages\django\forms\forms.py", line 405, in _clean_fields
    value = getattr(self, 'clean_%s' % name)()
  File "F:\Django\study\users\forms.py", line 129, in clean_check_code
    if user_ex.count > 0:
TypeError: '>' not supported between instances of 'method' and 'int'
2017-08-20 18:42:31,010 [Thread-4:10096] [django.request:135] [exception:handle_uncaught_exception] [ERROR]- Internal Server Error: /users/password_lost
Traceback (most recent call last):
  File "C:\Anaconda3\envs\web1\lib\site-packages\django\core\handlers\exception.py", line 41, in inner
    response = get_response(request)
  File "C:\Anaconda3\envs\web1\lib\site-packages\django\core\handlers\base.py", line 187, in _get_response
    response = self.process_exception_by_middleware(e, request)
  File "C:\Anaconda3\envs\web1\lib\site-packages\django\core\handlers\base.py", line 185, in _get_response
    response = wrapped_callback(request, *callback_args, **callback_kwargs)
  File "F:\Django\study\users\views.py", line 313, in password_lost
    data['goto_url'] = reverse('user_info')
  File "C:\Anaconda3\envs\web1\lib\site-packages\django\urls\base.py", line 91, in reverse
    return force_text(iri_to_uri(resolver._reverse_with_prefix(view, prefix, *args, **kwargs)))
  File "C:\Anaconda3\envs\web1\lib\site-packages\django\urls\resolvers.py", line 497, in _reverse_with_prefix
    raise NoReverseMatch(msg)
django.urls.exceptions.NoReverseMatch: Reverse for 'user_info' not found. 'user_info' is not a valid view function or pattern name.
